[2017-11-03 01:32:45.144] [ERROR] cheese - Cheese is too ripe!
[2017-11-03 01:32:45.146] [FATAL] cheese - Cheese was breeding ground for listeria.
[2017-11-03 01:37:28.207] [INFO] cheese - okay
[2017-11-03 01:38:58.125] [ERROR] cheese - okay
[2017-11-03 01:39:12.051] [ERROR] cheese - dd
[2017-11-03 01:41:33.797] [ERROR] cheese - helo
[2017-11-03 01:41:34.270] [ERROR] cheese - okay
[2017-11-03 01:42:16.897] [ERROR] cheese - -----------starting--------------
 El Paso-skinny
 {"order_by":"SPECIAL_BLEND","i_want":"women","they_want":"men","minimum_age":18,"maximum_age":30,"radius":50,"location":"79936","bodytype":["skinny"],"maximum_attractiveness":10000,"minimum_attractiveness":6000,"speaks_my_language":true,"availability":"single","monogamy":"yes","last_login":63115200,"limit":1000}

[2017-11-03 01:46:28.312] [ERROR] cheese - -----------starting--------------

[2017-11-03 01:46:28.315] [ERROR] cheese - El Paso-skinny

[2017-11-03 01:46:28.315] [ERROR] cheese - {"order_by":"SPECIAL_BLEND","i_want":"women","they_want":"men","minimum_age":18,"maximum_age":30,"radius":50,"location":"79936","bodytype":["skinny"],"maximum_attractiveness":10000,"minimum_attractiveness":6000,"speaks_my_language":true,"availability":"single","monogamy":"yes","last_login":63115200,"limit":1000}

[2017-11-03 01:46:34.822] [ERROR] cheese - found 6 search results
[2017-11-03 01:46:35.611] [ERROR] cheese - alyaurora1 only has 29 messages, so skipping
[2017-11-03 01:46:37.106] [ERROR] cheese - TSVeee only has 5 messages, so skipping
[2017-11-03 01:46:37.806] [ERROR] cheese - user harmonyelaine already exists
[2017-11-03 01:46:38.251] [ERROR] cheese - user dez_villa already exists
[2017-11-03 01:46:39.154] [ERROR] cheese - guera22 only has 25 messages, so skipping
[2017-11-03 01:46:39.948] [ERROR] cheese - michelle988 only has 17 messages, so skipping
[2017-11-03 01:47:04.490] [ERROR] cheese - -----------starting--------------

[2017-11-03 01:47:04.491] [ERROR] cheese - El Paso-fit

[2017-11-03 01:47:04.491] [ERROR] cheese - {"order_by":"SPECIAL_BLEND","i_want":"women","they_want":"men","minimum_age":18,"maximum_age":30,"radius":50,"location":"79936","bodytype":["fit"],"maximum_attractiveness":10000,"minimum_attractiveness":6000,"speaks_my_language":true,"availability":"single","monogamy":"yes","last_login":63115200,"limit":1000}

[2017-11-03 01:47:10.585] [ERROR] cheese - found 29 search results
[2017-11-03 01:47:11.260] [ERROR] cheese - user capircornblondie already exists
[2017-11-03 01:47:13.703] [ERROR] cheese - anna_marie_88 only has 6 messages, so skipping
[2017-11-03 01:47:14.652] [ERROR] cheese - napwjlaughrin only has 20 messages, so skipping
[2017-11-03 01:47:15.545] [ERROR] cheese - jazzygiirl only has 5 messages, so skipping
[2017-11-03 01:47:16.069] [ERROR] cheese - user temariii already exists
[2017-11-03 01:47:16.909] [ERROR] cheese - BrazilianDeb only has 32 messages, so skipping
[2017-11-03 01:47:17.742] [ERROR] cheese - miranda_chloe only has 30 messages, so skipping
[2017-11-03 01:47:18.142] [ERROR] cheese - user mandabreana already exists
[2017-11-03 01:47:19.149] [ERROR] cheese - caligrl1994 only has 44 messages, so skipping
[2017-11-03 01:47:20.543] [ERROR] cheese - created new questions with ID 76589
[2017-11-03 01:47:21.795] [ERROR] cheese - created new questions with ID 239296
[2017-11-03 01:47:21.959] [ERROR] cheese - created new questions with ID 111517
[2017-11-03 01:47:22.314] [ERROR] cheese - created new questions with ID 106282
[2017-11-03 01:47:24.312] [ERROR] cheese - created new questions with ID 39330
[2017-11-03 01:47:24.376] [ERROR] cheese - created new questions with ID 89363
[2017-11-03 01:47:25.106] [ERROR] cheese - created new questions with ID 81253
[2017-11-03 01:47:25.527] [ERROR] cheese - created new questions with ID 153780
[2017-11-03 01:47:27.098] [ERROR] cheese - created new user with ID undefined
[2017-11-03 01:47:27.099] [ERROR] cheese - finished El Paso-fit
[2017-11-03 01:47:27.746] [ERROR] cheese - user sarahxchristine already exists
[2017-11-03 01:47:31.146] [ERROR] cheese - created new user with ID undefined
[2017-11-03 01:47:31.147] [ERROR] cheese - finished El Paso-fit
[2017-11-03 01:47:31.994] [ERROR] cheese - axtonh only has 25 messages, so skipping
[2017-11-03 01:47:33.720] [ERROR] cheese - urfavscorpio only has 5 messages, so skipping
[2017-11-03 01:47:35.644] [ERROR] cheese - jswizzlehnizzle only has 5 messages, so skipping
[2017-11-03 01:47:38.712] [ERROR] cheese - camillevictoria only has 0 messages, so skipping
[2017-11-03 01:47:39.526] [ERROR] cheese - hchav only has 10 messages, so skipping
[2017-11-03 01:47:42.751] [ERROR] cheese - created new user with ID undefined
[2017-11-03 01:47:42.751] [ERROR] cheese - finished El Paso-fit
[2017-11-03 01:47:43.313] [ERROR] cheese - user alexandruhh already exists
[2017-11-03 01:47:43.856] [ERROR] cheese - user dorkyshygirl1992 already exists
[2017-11-03 01:47:44.850] [ERROR] cheese - Davsterz only has 5 messages, so skipping
[2017-11-03 01:47:45.613] [ERROR] cheese - Ashleydance14 only has 0 messages, so skipping
[2017-11-03 01:47:46.456] [ERROR] cheese - Paristgreen only has 12 messages, so skipping
[2017-11-03 01:47:47.441] [ERROR] cheese - emilyochoa only has 5 messages, so skipping
[2017-11-03 01:47:48.159] [ERROR] cheese - bellaXXdonna only has 5 messages, so skipping
[2017-11-03 01:47:48.977] [ERROR] cheese - mojojo55 only has 11 messages, so skipping
[2017-11-03 01:47:49.895] [ERROR] cheese - Ubry30 only has 29 messages, so skipping
[2017-11-03 01:47:51.843] [ERROR] cheese - mekena_q only has 11 messages, so skipping
[2017-11-03 01:47:51.843] [ERROR] cheese - -----------starting--------------

[2017-11-03 01:47:51.843] [ERROR] cheese - El Paso-average

[2017-11-03 01:47:51.843] [ERROR] cheese - {"order_by":"SPECIAL_BLEND","i_want":"women","they_want":"men","minimum_age":18,"maximum_age":30,"radius":50,"location":"79936","bodytype":["average"],"maximum_attractiveness":10000,"minimum_attractiveness":6000,"speaks_my_language":true,"availability":"single","monogamy":"yes","last_login":63115200,"limit":1000}

[2017-11-03 01:47:52.204] [ERROR] cheese - found 32 search results
[2017-11-03 01:47:53.050] [ERROR] cheese - LilLucy10 only has 15 messages, so skipping
[2017-11-03 01:47:53.612] [ERROR] cheese - user sicgyfcspda already exists
[2017-11-03 01:47:54.396] [ERROR] cheese - Marianne_leigh only has 36 messages, so skipping
[2017-11-03 01:47:56.409] [ERROR] cheese - created new user with ID undefined
[2017-11-03 01:47:56.409] [ERROR] cheese - finished El Paso-average
[2017-11-03 01:47:57.148] [ERROR] cheese - xoxoxflowerchild only has 8 messages, so skipping
[2017-11-03 01:47:57.957] [ERROR] cheese - chipsinasandwich only has 32 messages, so skipping
[2017-11-03 01:47:59.783] [ERROR] cheese - created new user with ID undefined
[2017-11-03 01:47:59.783] [ERROR] cheese - finished El Paso-average
[2017-11-03 01:48:02.408] [ERROR] cheese - created new questions with ID 84807
[2017-11-03 01:48:06.971] [ERROR] cheese - created new questions with ID 1593
[2017-11-03 01:48:08.062] [ERROR] cheese - created new user with ID undefined
[2017-11-03 01:48:08.063] [ERROR] cheese - finished El Paso-average
[2017-11-03 01:48:11.353] [ERROR] cheese - created new user with ID undefined
[2017-11-03 01:48:11.353] [ERROR] cheese - finished El Paso-average
[2017-11-03 01:48:12.733] [ERROR] cheese - MongoError: E11000 duplicate key error collection: okc.questions index: qid_1 dup key: { : 1593 }
    at Function.MongoError.create (/Users/elliottbirch/Desktop/okcupidjs/node_modules/mongodb-core/lib/error.js:31:11)
    at toError (/Users/elliottbirch/Desktop/okcupidjs/node_modules/mongodb/lib/utils.js:139:22)
    at /Users/elliottbirch/Desktop/okcupidjs/node_modules/mongodb/lib/collection.js:668:23
    at handleCallback (/Users/elliottbirch/Desktop/okcupidjs/node_modules/mongodb/lib/utils.js:120:56)
    at /Users/elliottbirch/Desktop/okcupidjs/node_modules/mongodb/lib/bulk/unordered.js:465:9
    at handleCallback (/Users/elliottbirch/Desktop/okcupidjs/node_modules/mongodb/lib/utils.js:120:56)
    at resultHandler (/Users/elliottbirch/Desktop/okcupidjs/node_modules/mongodb/lib/bulk/unordered.js:413:5)
    at /Users/elliottbirch/Desktop/okcupidjs/node_modules/mongodb-core/lib/connection/pool.js:469:18
    at _combinedTickCallback (internal/process/next_tick.js:131:7)
    at process._tickCallback (internal/process/next_tick.js:180:9)
[2017-11-03 01:57:51.075] [ERROR] cheese - -----------starting--------------

[2017-11-03 01:57:51.077] [ERROR] cheese - El Paso-skinny

[2017-11-03 01:57:51.078] [ERROR] cheese - {"order_by":"SPECIAL_BLEND","i_want":"women","they_want":"men","minimum_age":18,"maximum_age":30,"radius":50,"location":"79936","bodytype":["skinny"],"maximum_attractiveness":10000,"minimum_attractiveness":6000,"speaks_my_language":true,"availability":"single","monogamy":"yes","last_login":63115200,"limit":1000}

[2017-11-03 01:57:51.424] [ERROR] cheese - found 6 search results
[2017-11-03 01:57:52.722] [ERROR] cheese - TSVeee only has 5 messages, so skipping
[2017-11-03 01:57:53.649] [ERROR] cheese - alyaurora1 only has 29 messages, so skipping
[2017-11-03 01:57:54.216] [ERROR] cheese - user dez_villa already exists
[2017-11-03 01:57:54.871] [ERROR] cheese - user harmonyelaine already exists
[2017-11-03 01:57:55.979] [ERROR] cheese - guera22 only has 25 messages, so skipping
[2017-11-03 01:57:57.043] [ERROR] cheese - michelle988 only has 17 messages, so skipping
[2017-11-03 01:57:57.043] [ERROR] cheese - -----------starting--------------

[2017-11-03 01:57:57.043] [ERROR] cheese - El Paso-fit

[2017-11-03 01:57:57.043] [ERROR] cheese - {"order_by":"SPECIAL_BLEND","i_want":"women","they_want":"men","minimum_age":18,"maximum_age":30,"radius":50,"location":"79936","bodytype":["fit"],"maximum_attractiveness":10000,"minimum_attractiveness":6000,"speaks_my_language":true,"availability":"single","monogamy":"yes","last_login":63115200,"limit":1000}

[2017-11-03 01:57:57.409] [ERROR] cheese - found 22 search results
[2017-11-03 01:57:58.669] [ERROR] cheese - hchav only has 10 messages, so skipping
[2017-11-03 01:57:59.326] [ERROR] cheese - user capircornblondie already exists
[2017-11-03 01:58:00.274] [ERROR] cheese - miranda_chloe only has 30 messages, so skipping
[2017-11-03 01:58:01.033] [ERROR] cheese - BrazilianDeb only has 32 messages, so skipping
[2017-11-03 01:58:01.741] [ERROR] cheese - anna_marie_88 only has 6 messages, so skipping
[2017-11-03 01:58:02.157] [ERROR] cheese - user alexandruhh already exists
[2017-11-03 01:58:03.754] [ERROR] cheese - axtonh only has 25 messages, so skipping
[2017-11-03 01:58:04.390] [ERROR] cheese - user dorkyshygirl1992 already exists
[2017-11-03 01:59:40.566] [ERROR] cheese - created new user with ID 59fc2ffc11b601cbfb7436a3
[2017-11-03 01:59:40.567] [ERROR] cheese - finished El Paso-fit
[2017-11-03 01:59:41.449] [ERROR] cheese - jazzygiirl only has 5 messages, so skipping
[2017-11-03 01:59:42.880] [ERROR] cheese - napwjlaughrin only has 20 messages, so skipping
[2017-11-03 01:59:43.370] [ERROR] cheese - user temariii already exists
[2017-11-03 01:59:44.526] [ERROR] cheese - camillevictoria only has 0 messages, so skipping
[2017-11-03 01:59:45.042] [ERROR] cheese - user kickassaries already exists
[2017-11-03 01:59:45.470] [ERROR] cheese - user sarahxchristine already exists
[2017-11-03 01:59:46.373] [ERROR] cheese - emilyochoa only has 5 messages, so skipping
[2017-11-03 01:59:47.386] [ERROR] cheese - urfavscorpio only has 5 messages, so skipping
[2017-11-03 01:59:48.632] [ERROR] cheese - bellaXXdonna only has 5 messages, so skipping
[2017-11-03 01:59:49.071] [ERROR] cheese - user amyyyy21 already exists
[2017-11-03 01:59:49.575] [ERROR] cheese - user mandabreana already exists
[2017-11-03 01:59:50.102] [ERROR] cheese - user babeatron already exists
[2017-11-03 01:59:51.093] [ERROR] cheese - -----------starting--------------

[2017-11-03 01:59:51.093] [ERROR] cheese - El Paso-average

[2017-11-03 01:59:51.094] [ERROR] cheese - {"order_by":"SPECIAL_BLEND","i_want":"women","they_want":"men","minimum_age":18,"maximum_age":30,"radius":50,"location":"79936","bodytype":["average"],"maximum_attractiveness":10000,"minimum_attractiveness":6000,"speaks_my_language":true,"availability":"single","monogamy":"yes","last_login":63115200,"limit":1000}

[2017-11-03 01:59:51.452] [ERROR] cheese - found 32 search results
[2017-11-03 01:59:52.368] [ERROR] cheese - _xomommy2d only has 5 messages, so skipping
[2017-11-03 01:59:53.534] [ERROR] cheese - Marianne_leigh only has 36 messages, so skipping
[2017-11-03 01:59:54.252] [ERROR] cheese - LilLucy10 only has 15 messages, so skipping
[2017-11-03 02:01:41.520] [ERROR] cheese - Error: socket hang up
    at createHangUpError (_http_client.js:345:15)
    at Socket.socketOnEnd (_http_client.js:437:23)
    at emitNone (events.js:110:20)
    at Socket.emit (events.js:207:7)
    at endReadableNT (_stream_readable.js:1059:12)
    at _combinedTickCallback (internal/process/next_tick.js:138:11)
    at process._tickCallback (internal/process/next_tick.js:180:9)
[2017-11-03 02:01:47.656] [ERROR] cheese - -----------starting--------------

[2017-11-03 02:01:47.658] [ERROR] cheese - El Paso-skinny

[2017-11-03 02:01:47.658] [ERROR] cheese - {"order_by":"SPECIAL_BLEND","i_want":"women","they_want":"men","minimum_age":18,"maximum_age":30,"radius":50,"location":"79936","bodytype":["skinny"],"maximum_attractiveness":10000,"minimum_attractiveness":6000,"speaks_my_language":true,"availability":"single","monogamy":"yes","last_login":63115200,"limit":1000}

[2017-11-03 02:01:48.216] [ERROR] cheese - found 6 search results
[2017-11-03 02:01:49.035] [ERROR] cheese - TSVeee only has 5 messages, so skipping
[2017-11-03 02:01:50.062] [ERROR] cheese - alyaurora1 only has 29 messages, so skipping
[2017-11-03 02:01:50.845] [ERROR] cheese - guera22 only has 25 messages, so skipping
[2017-11-03 02:01:51.334] [ERROR] cheese - user dez_villa already exists
[2017-11-03 02:01:52.020] [ERROR] cheese - user harmonyelaine already exists
[2017-11-03 02:01:52.923] [ERROR] cheese - michelle988 only has 17 messages, so skipping
[2017-11-03 02:01:52.924] [ERROR] cheese - -----------starting--------------

[2017-11-03 02:01:52.924] [ERROR] cheese - El Paso-fit

[2017-11-03 02:01:52.924] [ERROR] cheese - {"order_by":"SPECIAL_BLEND","i_want":"women","they_want":"men","minimum_age":18,"maximum_age":30,"radius":50,"location":"79936","bodytype":["fit"],"maximum_attractiveness":10000,"minimum_attractiveness":6000,"speaks_my_language":true,"availability":"single","monogamy":"yes","last_login":63115200,"limit":1000}

[2017-11-03 02:01:53.235] [ERROR] cheese - found 22 search results
[2017-11-03 02:01:54.050] [ERROR] cheese - user capircornblondie already exists
[2017-11-03 02:01:55.228] [ERROR] cheese - miranda_chloe only has 30 messages, so skipping
[2017-11-03 02:01:56.186] [ERROR] cheese - axtonh only has 25 messages, so skipping
[2017-11-03 02:01:56.912] [ERROR] cheese - hchav only has 10 messages, so skipping
[2017-11-03 02:01:57.827] [ERROR] cheese - anna_marie_88 only has 6 messages, so skipping
[2017-11-03 02:01:58.243] [ERROR] cheese - user mandabreana already exists
[2017-11-03 02:01:58.792] [ERROR] cheese - user kickassaries already exists
[2017-11-03 02:01:59.505] [ERROR] cheese - urfavscorpio only has 5 messages, so skipping
[2017-11-03 02:02:00.259] [ERROR] cheese - jazzygiirl only has 5 messages, so skipping
[2017-11-03 02:02:00.643] [ERROR] cheese - user alexandruhh already exists
[2017-11-03 02:02:01.216] [ERROR] cheese - user babeatron already exists
[2017-11-03 02:02:02.149] [ERROR] cheese - BrazilianDeb only has 32 messages, so skipping
[2017-11-03 02:02:02.754] [ERROR] cheese - user dorkyshygirl1992 already exists
[2017-11-03 02:02:03.498] [ERROR] cheese - camillevictoria only has 0 messages, so skipping
[2017-11-03 02:02:04.763] [ERROR] cheese - bellaXXdonna only has 5 messages, so skipping
[2017-11-03 02:02:05.167] [ERROR] cheese - user jamesonsmom already exists
[2017-11-03 02:02:05.869] [ERROR] cheese - emilyochoa only has 5 messages, so skipping
[2017-11-03 02:02:06.523] [ERROR] cheese - user sarahxchristine already exists
[2017-11-03 02:02:07.490] [ERROR] cheese - napwjlaughrin only has 20 messages, so skipping
[2017-11-03 02:02:08.952] [ERROR] cheese - user amyyyy21 already exists
[2017-11-03 02:02:09.619] [ERROR] cheese - user temariii already exists
[2017-11-03 02:02:09.620] [ERROR] cheese - -----------starting--------------

[2017-11-03 02:02:09.620] [ERROR] cheese - El Paso-average

[2017-11-03 02:02:09.620] [ERROR] cheese - {"order_by":"SPECIAL_BLEND","i_want":"women","they_want":"men","minimum_age":18,"maximum_age":30,"radius":50,"location":"79936","bodytype":["average"],"maximum_attractiveness":10000,"minimum_attractiveness":6000,"speaks_my_language":true,"availability":"single","monogamy":"yes","last_login":63115200,"limit":1000}

[2017-11-03 02:02:10.003] [ERROR] cheese - found 32 search results
[2017-11-03 02:02:10.583] [ERROR] cheese - user astav7 already exists
[2017-11-03 02:02:11.574] [ERROR] cheese - LilLucy10 only has 15 messages, so skipping
[2017-11-03 02:02:12.078] [ERROR] cheese - user Stac_92 already exists
[2017-11-03 02:02:15.522] [ERROR] cheese - TypeError: Cannot read property 'qid' of null
    at DistinctSubscriber.rx.Observable.fromPromise.distinct.q [as keySelector] (/Users/elliottbirch/Desktop/okcupidjs/lib/client.js:305:45)
    at DistinctSubscriber._useKeySelector (/Users/elliottbirch/Desktop/okcupidjs/node_modules/rxjs/operators/distinct.js:102:24)
    at DistinctSubscriber._next (/Users/elliottbirch/Desktop/okcupidjs/node_modules/rxjs/operators/distinct.js:92:18)
    at DistinctSubscriber.Subscriber.next (/Users/elliottbirch/Desktop/okcupidjs/node_modules/rxjs/Subscriber.js:89:18)
    at /Users/elliottbirch/Desktop/okcupidjs/node_modules/rxjs/observable/PromiseObservable.js:66:36
    at <anonymous>
    at process._tickCallback (internal/process/next_tick.js:188:7)
[2017-11-03 02:07:43.384] [ERROR] cheese - -----------starting--------------

[2017-11-03 02:07:43.386] [ERROR] cheese - El Paso-skinny

[2017-11-03 02:07:43.386] [ERROR] cheese - {"order_by":"SPECIAL_BLEND","i_want":"women","they_want":"men","minimum_age":18,"maximum_age":30,"radius":50,"location":"79936","bodytype":["skinny"],"maximum_attractiveness":10000,"minimum_attractiveness":6000,"speaks_my_language":true,"availability":"single","monogamy":"yes","last_login":63115200,"limit":1000}

[2017-11-03 02:07:43.732] [ERROR] cheese - found 6 search results
[2017-11-03 02:07:44.565] [ERROR] cheese - user harmonyelaine already exists
[2017-11-03 02:07:45.580] [ERROR] cheese - alyaurora1 only has 29 messages, so skipping
[2017-11-03 02:07:46.375] [ERROR] cheese - TSVeee only has 5 messages, so skipping
[2017-11-03 02:07:47.090] [ERROR] cheese - user dez_villa already exists
[2017-11-03 02:07:48.056] [ERROR] cheese - guera22 only has 25 messages, so skipping
[2017-11-03 02:07:49.095] [ERROR] cheese - michelle988 only has 17 messages, so skipping
[2017-11-03 02:07:49.096] [ERROR] cheese - -----------starting--------------

[2017-11-03 02:07:49.096] [ERROR] cheese - El Paso-fit

[2017-11-03 02:07:49.096] [ERROR] cheese - {"order_by":"SPECIAL_BLEND","i_want":"women","they_want":"men","minimum_age":18,"maximum_age":30,"radius":50,"location":"79936","bodytype":["fit"],"maximum_attractiveness":10000,"minimum_attractiveness":6000,"speaks_my_language":true,"availability":"single","monogamy":"yes","last_login":63115200,"limit":1000}

[2017-11-03 02:07:49.442] [ERROR] cheese - found 22 search results
[2017-11-03 02:07:50.752] [ERROR] cheese - anna_marie_88 only has 6 messages, so skipping
[2017-11-03 02:07:51.952] [ERROR] cheese - axtonh only has 25 messages, so skipping
[2017-11-03 02:07:52.366] [ERROR] cheese - user capircornblondie already exists
[2017-11-03 02:07:52.872] [ERROR] cheese - user kickassaries already exists
[2017-11-03 02:07:56.878] [ERROR] cheese - -----------starting--------------

[2017-11-03 02:07:56.880] [ERROR] cheese - El Paso-skinny

[2017-11-03 02:07:56.880] [ERROR] cheese - {"order_by":"SPECIAL_BLEND","i_want":"women","they_want":"men","minimum_age":18,"maximum_age":30,"radius":50,"location":"79936","bodytype":["skinny"],"maximum_attractiveness":10000,"minimum_attractiveness":6000,"speaks_my_language":true,"availability":"single","monogamy":"yes","last_login":63115200,"limit":1000}

[2017-11-03 02:07:57.215] [ERROR] cheese - found 6 search results
[2017-11-03 02:07:57.829] [ERROR] cheese - user harmonyelaine already exists
[2017-11-03 02:07:58.716] [ERROR] cheese - TSVeee only has 5 messages, so skipping
[2017-11-03 02:07:59.487] [ERROR] cheese - alyaurora1 only has 29 messages, so skipping
[2017-11-03 02:08:00.187] [ERROR] cheese - user dez_villa already exists
[2017-11-03 02:08:01.593] [ERROR] cheese - michelle988 only has 17 messages, so skipping
[2017-11-03 02:08:02.326] [ERROR] cheese - guera22 only has 25 messages, so skipping
[2017-11-03 02:08:02.326] [ERROR] cheese - -----------starting--------------

[2017-11-03 02:08:02.326] [ERROR] cheese - El Paso-fit

[2017-11-03 02:08:02.326] [ERROR] cheese - {"order_by":"SPECIAL_BLEND","i_want":"women","they_want":"men","minimum_age":18,"maximum_age":30,"radius":50,"location":"79936","bodytype":["fit"],"maximum_attractiveness":10000,"minimum_attractiveness":6000,"speaks_my_language":true,"availability":"single","monogamy":"yes","last_login":63115200,"limit":1000}

[2017-11-03 02:08:02.982] [ERROR] cheese - found 22 search results
[2017-11-03 02:08:04.457] [ERROR] cheese - miranda_chloe only has 30 messages, so skipping
[2017-11-03 02:08:05.243] [ERROR] cheese - axtonh only has 25 messages, so skipping
[2017-11-03 02:08:05.719] [ERROR] cheese - user capircornblondie already exists
[2017-11-03 02:08:06.630] [ERROR] cheese - anna_marie_88 only has 6 messages, so skipping
[2017-11-03 02:08:07.410] [ERROR] cheese - BrazilianDeb only has 32 messages, so skipping
[2017-11-03 02:08:08.269] [ERROR] cheese - urfavscorpio only has 5 messages, so skipping
[2017-11-03 02:08:08.823] [ERROR] cheese - user kickassaries already exists
[2017-11-03 02:08:09.376] [ERROR] cheese - user dorkyshygirl1992 already exists
[2017-11-03 02:08:09.785] [ERROR] cheese - user temariii already exists
[2017-11-03 02:08:10.723] [ERROR] cheese - jazzygiirl only has 5 messages, so skipping
[2017-11-03 02:08:11.522] [ERROR] cheese - camillevictoria only has 0 messages, so skipping
[2017-11-03 02:08:12.080] [ERROR] cheese - user sarahxchristine already exists
[2017-11-03 02:08:13.003] [ERROR] cheese - napwjlaughrin only has 20 messages, so skipping
[2017-11-03 02:08:13.492] [ERROR] cheese - user babeatron already exists
[2017-11-03 02:08:14.421] [ERROR] cheese - hchav only has 10 messages, so skipping
[2017-11-03 02:08:14.842] [ERROR] cheese - user alexandruhh already exists
[2017-11-03 02:08:15.513] [ERROR] cheese - user jamesonsmom already exists
[2017-11-03 02:08:15.899] [ERROR] cheese - user mandabreana already exists
[2017-11-03 02:08:17.469] [ERROR] cheese - emilyochoa only has 5 messages, so skipping
[2017-11-03 02:08:18.010] [ERROR] cheese - user amyyyy21 already exists
[2017-11-03 02:08:18.724] [ERROR] cheese - bellaXXdonna only has 5 messages, so skipping
[2017-11-03 02:08:18.725] [ERROR] cheese - -----------starting--------------

[2017-11-03 02:08:18.725] [ERROR] cheese - El Paso-average

[2017-11-03 02:08:18.725] [ERROR] cheese - {"order_by":"SPECIAL_BLEND","i_want":"women","they_want":"men","minimum_age":18,"maximum_age":30,"radius":50,"location":"79936","bodytype":["average"],"maximum_attractiveness":10000,"minimum_attractiveness":6000,"speaks_my_language":true,"availability":"single","monogamy":"yes","last_login":63115200,"limit":1000}

[2017-11-03 02:08:19.045] [ERROR] cheese - found 32 search results
[2017-11-03 02:08:20.534] [ERROR] cheese - user astav7 already exists
[2017-11-03 02:08:21.218] [ERROR] cheese - user sicgyfcspda already exists
[2017-11-03 02:08:22.014] [ERROR] cheese - LilLucy10 only has 15 messages, so skipping
[2017-11-03 02:08:22.717] [ERROR] cheese - user Stac_92 already exists
[2017-11-03 02:08:23.301] [ERROR] cheese - user alyson91 already exists
[2017-11-03 02:08:23.907] [ERROR] cheese - user cassidi21 already exists
[2017-11-03 02:08:24.867] [ERROR] cheese - chipsinasandwich only has 32 messages, so skipping
[2017-11-03 02:08:28.181] [ERROR] cheese - created new questions with ID 105730
[2017-11-03 02:08:28.516] [ERROR] cheese - created new questions with ID 266439
[2017-11-03 02:08:28.649] [ERROR] cheese - created new questions with ID 145479
[2017-11-03 02:08:28.651] [ERROR] cheese - created new questions with ID 150666
[2017-11-03 02:08:30.247] [ERROR] cheese - created new questions with ID 80693
[2017-11-03 02:08:30.595] [ERROR] cheese - created new questions with ID 134698
[2017-11-03 02:08:30.640] [ERROR] cheese - created new questions with ID 127040
[2017-11-03 02:08:30.779] [ERROR] cheese - created new questions with ID 77471
[2017-11-03 02:08:32.341] [ERROR] cheese - created new questions with ID 110691
[2017-11-03 02:08:33.730] [ERROR] cheese - created new user with ID 59fc3210717ef2ce79d956c3
[2017-11-03 02:08:33.731] [ERROR] cheese - finished El Paso-average
[2017-11-03 02:08:35.566] [ERROR] cheese - Gcasc6 only has 16 messages, so skipping
[2017-11-03 02:08:38.644] [ERROR] cheese - _xomommy2d only has 5 messages, so skipping
[2017-11-03 02:08:39.397] [ERROR] cheese - BabiiRed1995 only has 23 messages, so skipping
[2017-11-03 02:08:40.110] [ERROR] cheese - Marianne_leigh only has 36 messages, so skipping
[2017-11-03 02:08:43.664] [ERROR] cheese - created new user with ID 59fc321b717ef2ce79d96058
[2017-11-03 02:08:43.665] [ERROR] cheese - finished El Paso-average
[2017-11-03 02:08:44.677] [ERROR] cheese - DancingBrit91 only has 4 messages, so skipping
[2017-11-03 02:08:45.557] [ERROR] cheese - xoxoxflowerchild only has 8 messages, so skipping
[2017-11-03 02:08:46.326] [ERROR] cheese - scorinmalia only has 49 messages, so skipping
[2017-11-03 02:08:47.446] [ERROR] cheese - karen0304 only has 13 messages, so skipping
[2017-11-03 02:08:47.850] [ERROR] cheese - user karlamariesan already exists
[2017-11-03 02:08:52.557] [ERROR] cheese - created new user with ID 59fc3224717ef2ce79d9655a
[2017-11-03 02:08:52.558] [ERROR] cheese - finished El Paso-average
[2017-11-03 02:08:53.215] [ERROR] cheese - user loyallakota already exists
[2017-11-03 02:08:55.268] [ERROR] cheese - created new user with ID 59fc3227717ef2ce79d96b33
[2017-11-03 02:08:55.268] [ERROR] cheese - finished El Paso-average
[2017-11-03 02:08:55.662] [ERROR] cheese - user Gabrielle8908 already exists
[2017-11-03 02:08:56.457] [ERROR] cheese - the_jelly_fish only has 41 messages, so skipping
[2017-11-03 02:08:59.939] [ERROR] cheese - ohmysara only has 47 messages, so skipping
[2017-11-03 02:09:01.111] [ERROR] cheese - Katexo16 only has 0 messages, so skipping
[2017-11-03 02:09:05.361] [ERROR] cheese - created new questions with ID 183299
[2017-11-03 02:09:08.081] [ERROR] cheese - created new user with ID 59fc3233717ef2ce79d96c8f
[2017-11-03 02:09:08.081] [ERROR] cheese - finished El Paso-average
[2017-11-03 02:09:08.886] [ERROR] cheese - cariann88 only has 33 messages, so skipping
[2017-11-03 02:09:10.587] [ERROR] cheese - diz__taco only has 47 messages, so skipping
[2017-11-03 02:09:11.405] [ERROR] cheese - samanthabbya only has 5 messages, so skipping
[2017-11-03 02:09:18.156] [ERROR] cheese - created new user with ID 59fc323d717ef2ce79d97694
[2017-11-03 02:09:18.156] [ERROR] cheese - finished El Paso-average
[2017-11-03 02:09:19.124] [ERROR] cheese - scarletphoenix29 only has 4 messages, so skipping
[2017-11-03 02:09:22.368] [ERROR] cheese - created new questions with ID 112631
[2017-11-03 02:09:27.536] [ERROR] cheese - created new user with ID 59fc3246717ef2ce79d97f21
[2017-11-03 02:09:27.536] [ERROR] cheese - finished El Paso-average
[2017-11-03 02:09:27.536] [ERROR] cheese - -----------starting--------------

[2017-11-03 02:09:27.537] [ERROR] cheese - El Paso-jacked

[2017-11-03 02:09:27.537] [ERROR] cheese - {"order_by":"SPECIAL_BLEND","i_want":"women","they_want":"men","minimum_age":18,"maximum_age":30,"radius":50,"location":"79936","bodytype":["jacked"],"maximum_attractiveness":10000,"minimum_attractiveness":6000,"speaks_my_language":true,"availability":"single","monogamy":"yes","last_login":63115200,"limit":1000}

[2017-11-03 02:09:28.934] [ERROR] cheese - found 0 search results
[2017-11-03 02:09:28.935] [ERROR] cheese - -----------starting--------------

[2017-11-03 02:09:28.935] [ERROR] cheese - Chicago IL-skinny

[2017-11-03 02:09:28.935] [ERROR] cheese - {"order_by":"SPECIAL_BLEND","i_want":"women","they_want":"men","minimum_age":18,"maximum_age":30,"radius":50,"location":"60629","bodytype":["skinny"],"maximum_attractiveness":10000,"minimum_attractiveness":6000,"speaks_my_language":true,"availability":"single","monogamy":"yes","last_login":63115200,"limit":1000}

[2017-11-03 02:09:29.267] [ERROR] cheese - found 6 search results
[2017-11-03 02:09:30.112] [ERROR] cheese - alyaurora1 only has 29 messages, so skipping
[2017-11-03 02:09:31.479] [ERROR] cheese - TSVeee only has 5 messages, so skipping
[2017-11-03 02:09:31.902] [ERROR] cheese - user harmonyelaine already exists
[2017-11-03 02:09:32.297] [ERROR] cheese - user dez_villa already exists
[2017-11-03 02:09:33.344] [ERROR] cheese - michelle988 only has 17 messages, so skipping
[2017-11-03 02:09:34.169] [ERROR] cheese - guera22 only has 25 messages, so skipping
[2017-11-03 02:09:34.169] [ERROR] cheese - -----------starting--------------

[2017-11-03 02:09:34.169] [ERROR] cheese - Chicago IL-fit

[2017-11-03 02:09:34.169] [ERROR] cheese - {"order_by":"SPECIAL_BLEND","i_want":"women","they_want":"men","minimum_age":18,"maximum_age":30,"radius":50,"location":"60629","bodytype":["fit"],"maximum_attractiveness":10000,"minimum_attractiveness":6000,"speaks_my_language":true,"availability":"single","monogamy":"yes","last_login":63115200,"limit":1000}

[2017-11-03 02:09:34.484] [ERROR] cheese - found 22 search results
[2017-11-03 02:09:35.310] [ERROR] cheese - miranda_chloe only has 30 messages, so skipping
[2017-11-03 02:09:35.763] [ERROR] cheese - user mandabreana already exists
[2017-11-03 02:09:36.231] [ERROR] cheese - user capircornblondie already exists
[2017-11-03 02:09:37.108] [ERROR] cheese - axtonh only has 25 messages, so skipping
[2017-11-03 02:09:37.840] [ERROR] cheese - BrazilianDeb only has 32 messages, so skipping
[2017-11-03 02:09:38.305] [ERROR] cheese - user temariii already exists
[2017-11-03 02:09:39.619] [ERROR] cheese - napwjlaughrin only has 20 messages, so skipping
[2017-11-03 02:09:42.654] [ERROR] cheese - jazzygiirl only has 5 messages, so skipping
[2017-11-03 02:09:43.122] [ERROR] cheese - user kickassaries already exists
[2017-11-03 02:09:43.581] [ERROR] cheese - user dorkyshygirl1992 already exists
[2017-11-03 02:09:44.409] [ERROR] cheese - hchav only has 10 messages, so skipping
[2017-11-03 02:09:44.977] [ERROR] cheese - user sarahxchristine already exists
[2017-11-03 02:09:45.810] [ERROR] cheese - camillevictoria only has 0 messages, so skipping
[2017-11-03 02:09:46.513] [ERROR] cheese - user babeatron already exists
[2017-11-03 02:09:46.957] [ERROR] cheese - user alexandruhh already exists
[2017-11-03 02:09:47.358] [ERROR] cheese - user jamesonsmom already exists
[2017-11-03 02:09:48.167] [ERROR] cheese - bellaXXdonna only has 5 messages, so skipping
[2017-11-03 02:09:48.985] [ERROR] cheese - urfavscorpio only has 5 messages, so skipping
[2017-11-03 02:09:49.804] [ERROR] cheese - anna_marie_88 only has 6 messages, so skipping
[2017-11-03 02:09:50.260] [ERROR] cheese - user amyyyy21 already exists
[2017-11-03 02:09:50.965] [ERROR] cheese - emilyochoa only has 5 messages, so skipping
[2017-11-03 02:09:51.744] [ERROR] cheese - -----------starting--------------

[2017-11-03 02:09:51.744] [ERROR] cheese - Chicago IL-average

[2017-11-03 02:09:51.744] [ERROR] cheese - {"order_by":"SPECIAL_BLEND","i_want":"women","they_want":"men","minimum_age":18,"maximum_age":30,"radius":50,"location":"60629","bodytype":["average"],"maximum_attractiveness":10000,"minimum_attractiveness":6000,"speaks_my_language":true,"availability":"single","monogamy":"yes","last_login":63115200,"limit":1000}

[2017-11-03 02:09:52.056] [ERROR] cheese - found 32 search results
[2017-11-03 02:09:52.761] [ERROR] cheese - LilLucy10 only has 15 messages, so skipping
[2017-11-03 02:09:53.593] [ERROR] cheese - _xomommy2d only has 5 messages, so skipping
[2017-11-03 02:09:54.459] [ERROR] cheese - xoxoxflowerchild only has 8 messages, so skipping
[2017-11-03 02:09:55.179] [ERROR] cheese - chipsinasandwich only has 32 messages, so skipping
[2017-11-03 02:09:55.710] [ERROR] cheese - user melruel already exists
[2017-11-03 02:09:56.476] [ERROR] cheese - Marianne_leigh only has 36 messages, so skipping
[2017-11-03 02:09:57.001] [ERROR] cheese - user alyson91 already exists
[2017-11-03 02:09:57.394] [ERROR] cheese - user loyallakota already exists
[2017-11-03 02:09:57.890] [ERROR] cheese - user Stac_92 already exists
[2017-11-03 02:09:58.441] [ERROR] cheese - user sicgyfcspda already exists
[2017-11-03 02:09:59.044] [ERROR] cheese - user cassidi21 already exists
[2017-11-03 02:09:59.451] [ERROR] cheese - user StellaBunny69 already exists
[2017-11-03 02:09:59.857] [ERROR] cheese - user Marina0420 already exists
[2017-11-03 02:10:00.458] [ERROR] cheese - user ValkurmDunes already exists
[2017-11-03 02:10:03.955] [ERROR] cheese - DancingBrit91 only has 4 messages, so skipping
[2017-11-03 02:10:04.642] [ERROR] cheese - scorinmalia only has 49 messages, so skipping
[2017-11-03 02:10:05.051] [ERROR] cheese - user Gabrielle8908 already exists
[2017-11-03 02:10:05.730] [ERROR] cheese - karen0304 only has 13 messages, so skipping
[2017-11-03 02:10:06.346] [ERROR] cheese - user astav7 already exists
[2017-11-03 02:10:07.144] [ERROR] cheese - the_jelly_fish only has 41 messages, so skipping
[2017-11-03 02:10:08.058] [ERROR] cheese - Gcasc6 only has 16 messages, so skipping
[2017-11-03 02:10:08.424] [ERROR] cheese - user karlamariesan already exists
[2017-11-03 02:10:09.173] [ERROR] cheese - BabiiRed1995 only has 23 messages, so skipping
[2017-11-03 02:10:09.876] [ERROR] cheese - cariann88 only has 33 messages, so skipping
[2017-11-03 02:10:10.373] [ERROR] cheese - user lad16314 already exists
[2017-11-03 02:10:11.133] [ERROR] cheese - Katexo16 only has 0 messages, so skipping
[2017-11-03 02:10:11.595] [ERROR] cheese - user number1mango already exists
[2017-11-03 02:10:12.387] [ERROR] cheese - diz__taco only has 47 messages, so skipping
[2017-11-03 02:10:13.159] [ERROR] cheese - samanthabbya only has 5 messages, so skipping
[2017-11-03 02:10:14.017] [ERROR] cheese - ohmysara only has 47 messages, so skipping
[2017-11-03 02:10:14.484] [ERROR] cheese - user hihelloimhere already exists
[2017-11-03 02:10:15.215] [ERROR] cheese - scarletphoenix29 only has 4 messages, so skipping
[2017-11-03 02:10:15.215] [ERROR] cheese - -----------starting--------------

[2017-11-03 02:10:15.216] [ERROR] cheese - Chicago IL-jacked

[2017-11-03 02:10:15.216] [ERROR] cheese - {"order_by":"SPECIAL_BLEND","i_want":"women","they_want":"men","minimum_age":18,"maximum_age":30,"radius":50,"location":"60629","bodytype":["jacked"],"maximum_attractiveness":10000,"minimum_attractiveness":6000,"speaks_my_language":true,"availability":"single","monogamy":"yes","last_login":63115200,"limit":1000}

[2017-11-03 02:10:15.516] [ERROR] cheese - found 0 search results
[2017-11-03 02:10:15.517] [ERROR] cheese - -----------starting--------------

[2017-11-03 02:10:15.517] [ERROR] cheese - Los Angeles-skinny

[2017-11-03 02:10:15.517] [ERROR] cheese - {"order_by":"SPECIAL_BLEND","i_want":"women","they_want":"men","minimum_age":18,"maximum_age":30,"radius":50,"location":"90011","bodytype":["skinny"],"maximum_attractiveness":10000,"minimum_attractiveness":6000,"speaks_my_language":true,"availability":"single","monogamy":"yes","last_login":63115200,"limit":1000}

[2017-11-03 02:10:15.807] [ERROR] cheese - found 6 search results
[2017-11-03 02:10:16.537] [ERROR] cheese - TSVeee only has 5 messages, so skipping
[2017-11-03 02:10:17.270] [ERROR] cheese - alyaurora1 only has 29 messages, so skipping
[2017-11-03 02:10:17.682] [ERROR] cheese - user dez_villa already exists
[2017-11-03 02:10:18.080] [ERROR] cheese - user harmonyelaine already exists
[2017-11-03 02:10:18.799] [ERROR] cheese - michelle988 only has 17 messages, so skipping
[2017-11-03 02:10:19.733] [ERROR] cheese - guera22 only has 25 messages, so skipping
[2017-11-03 02:10:19.733] [ERROR] cheese - -----------starting--------------

[2017-11-03 02:10:19.733] [ERROR] cheese - Los Angeles-fit

[2017-11-03 02:10:19.733] [ERROR] cheese - {"order_by":"SPECIAL_BLEND","i_want":"women","they_want":"men","minimum_age":18,"maximum_age":30,"radius":50,"location":"90011","bodytype":["fit"],"maximum_attractiveness":10000,"minimum_attractiveness":6000,"speaks_my_language":true,"availability":"single","monogamy":"yes","last_login":63115200,"limit":1000}

[2017-11-03 02:10:20.053] [ERROR] cheese - found 22 search results
[2017-11-03 02:10:20.847] [ERROR] cheese - anna_marie_88 only has 6 messages, so skipping
[2017-11-03 02:10:21.559] [ERROR] cheese - BrazilianDeb only has 32 messages, so skipping
[2017-11-03 02:10:22.265] [ERROR] cheese - hchav only has 10 messages, so skipping
[2017-11-03 02:10:22.943] [ERROR] cheese - axtonh only has 25 messages, so skipping
[2017-11-03 02:10:23.905] [ERROR] cheese - urfavscorpio only has 5 messages, so skipping
[2017-11-03 02:10:24.360] [ERROR] cheese - user mandabreana already exists
[2017-11-03 02:10:25.452] [ERROR] cheese - miranda_chloe only has 30 messages, so skipping
[2017-11-03 02:10:25.871] [ERROR] cheese - user alexandruhh already exists
[2017-11-03 02:10:26.301] [ERROR] cheese - user temariii already exists
[2017-11-03 02:10:27.102] [ERROR] cheese - napwjlaughrin only has 20 messages, so skipping
[2017-11-03 02:10:27.796] [ERROR] cheese - jazzygiirl only has 5 messages, so skipping
[2017-11-03 02:10:28.423] [ERROR] cheese - user sarahxchristine already exists
[2017-11-03 02:10:28.848] [ERROR] cheese - user capircornblondie already exists
[2017-11-03 02:10:29.242] [ERROR] cheese - user babeatron already exists
[2017-11-03 02:10:29.696] [ERROR] cheese - user dorkyshygirl1992 already exists
[2017-11-03 02:10:30.132] [ERROR] cheese - user amyyyy21 already exists
[2017-11-03 02:10:30.594] [ERROR] cheese - user kickassaries already exists
[2017-11-03 02:10:31.295] [ERROR] cheese - camillevictoria only has 0 messages, so skipping
[2017-11-03 02:10:32.739] [ERROR] cheese - bellaXXdonna only has 5 messages, so skipping
[2017-11-03 02:10:33.511] [ERROR] cheese - emilyochoa only has 5 messages, so skipping
[2017-11-03 02:10:34.054] [ERROR] cheese - user jamesonsmom already exists
[2017-11-03 02:10:34.055] [ERROR] cheese - -----------starting--------------

[2017-11-03 02:10:34.055] [ERROR] cheese - Los Angeles-average

[2017-11-03 02:10:34.055] [ERROR] cheese - {"order_by":"SPECIAL_BLEND","i_want":"women","they_want":"men","minimum_age":18,"maximum_age":30,"radius":50,"location":"90011","bodytype":["average"],"maximum_attractiveness":10000,"minimum_attractiveness":6000,"speaks_my_language":true,"availability":"single","monogamy":"yes","last_login":63115200,"limit":1000}

[2017-11-03 02:10:34.464] [ERROR] cheese - found 32 search results
[2017-11-03 02:10:35.275] [ERROR] cheese - LilLucy10 only has 15 messages, so skipping
[2017-11-03 02:10:35.959] [ERROR] cheese - user sicgyfcspda already exists
[2017-11-03 02:10:36.416] [ERROR] cheese - user Stac_92 already exists
[2017-11-03 02:10:36.837] [ERROR] cheese - user astav7 already exists
[2017-11-03 02:10:37.788] [ERROR] cheese - xoxoxflowerchild only has 8 messages, so skipping
[2017-11-03 02:10:38.157] [ERROR] cheese - user loyallakota already exists
[2017-11-03 02:10:39.276] [ERROR] cheese - _xomommy2d only has 5 messages, so skipping
[2017-11-03 02:10:39.981] [ERROR] cheese - chipsinasandwich only has 32 messages, so skipping
[2017-11-03 02:10:40.740] [ERROR] cheese - user melruel already exists
[2017-11-03 02:10:41.432] [ERROR] cheese - BabiiRed1995 only has 23 messages, so skipping
[2017-11-03 02:10:41.874] [ERROR] cheese - user ValkurmDunes already exists
[2017-11-03 02:10:43.774] [ERROR] cheese - Gcasc6 only has 16 messages, so skipping
[2017-11-03 02:10:44.471] [ERROR] cheese - DancingBrit91 only has 4 messages, so skipping
[2017-11-03 02:10:45.082] [ERROR] cheese - user Marina0420 already exists
[2017-11-03 02:10:46.853] [ERROR] cheese - Marianne_leigh only has 36 messages, so skipping
[2017-11-03 02:10:47.584] [ERROR] cheese - karen0304 only has 13 messages, so skipping
[2017-11-03 02:10:47.955] [ERROR] cheese - user StellaBunny69 already exists
[2017-11-03 02:10:48.715] [ERROR] cheese - user cassidi21 already exists
[2017-11-03 02:10:49.163] [ERROR] cheese - user Gabrielle8908 already exists
[2017-11-03 02:10:50.160] [ERROR] cheese - user alyson91 already exists
[2017-11-03 02:10:50.886] [ERROR] cheese - scorinmalia only has 49 messages, so skipping
[2017-11-03 02:10:51.700] [ERROR] cheese - samanthabbya only has 5 messages, so skipping
[2017-11-03 02:10:52.078] [ERROR] cheese - user karlamariesan already exists
[2017-11-03 02:10:52.755] [ERROR] cheese - Katexo16 only has 0 messages, so skipping
[2017-11-03 02:10:53.529] [ERROR] cheese - the_jelly_fish only has 41 messages, so skipping
[2017-11-03 02:10:53.990] [ERROR] cheese - user lad16314 already exists
[2017-11-03 02:10:54.763] [ERROR] cheese - scarletphoenix29 only has 4 messages, so skipping
[2017-11-03 02:10:55.853] [ERROR] cheese - ohmysara only has 47 messages, so skipping
[2017-11-03 02:10:56.351] [ERROR] cheese - user number1mango already exists
[2017-11-03 02:10:57.289] [ERROR] cheese - cariann88 only has 33 messages, so skipping
[2017-11-03 02:10:57.797] [ERROR] cheese - user hihelloimhere already exists
[2017-11-03 02:10:58.486] [ERROR] cheese - diz__taco only has 47 messages, so skipping
[2017-11-03 02:10:58.486] [ERROR] cheese - -----------starting--------------

[2017-11-03 02:10:58.486] [ERROR] cheese - Los Angeles-jacked

[2017-11-03 02:10:58.486] [ERROR] cheese - {"order_by":"SPECIAL_BLEND","i_want":"women","they_want":"men","minimum_age":18,"maximum_age":30,"radius":50,"location":"90011","bodytype":["jacked"],"maximum_attractiveness":10000,"minimum_attractiveness":6000,"speaks_my_language":true,"availability":"single","monogamy":"yes","last_login":63115200,"limit":1000}

[2017-11-03 02:10:58.845] [ERROR] cheese - found 0 search results
[2017-11-03 02:10:58.846] [ERROR] cheese - -----------starting--------------

[2017-11-03 02:10:58.846] [ERROR] cheese - Norwalk-skinny

[2017-11-03 02:10:58.846] [ERROR] cheese - {"order_by":"SPECIAL_BLEND","i_want":"women","they_want":"men","minimum_age":18,"maximum_age":30,"radius":50,"location":"90650","bodytype":["skinny"],"maximum_attractiveness":10000,"minimum_attractiveness":6000,"speaks_my_language":true,"availability":"single","monogamy":"yes","last_login":63115200,"limit":1000}

[2017-11-03 02:10:59.158] [ERROR] cheese - found 6 search results
[2017-11-03 02:10:59.592] [ERROR] cheese - user harmonyelaine already exists
[2017-11-03 02:11:00.347] [ERROR] cheese - TSVeee only has 5 messages, so skipping
[2017-11-03 02:11:01.368] [ERROR] cheese - alyaurora1 only has 29 messages, so skipping
[2017-11-03 02:11:01.810] [ERROR] cheese - user dez_villa already exists
[2017-11-03 02:11:03.378] [ERROR] cheese - guera22 only has 25 messages, so skipping
[2017-11-03 02:11:05.107] [ERROR] cheese - michelle988 only has 17 messages, so skipping
[2017-11-03 02:11:05.107] [ERROR] cheese - -----------starting--------------

[2017-11-03 02:11:05.108] [ERROR] cheese - Norwalk-fit

[2017-11-03 02:11:05.108] [ERROR] cheese - {"order_by":"SPECIAL_BLEND","i_want":"women","they_want":"men","minimum_age":18,"maximum_age":30,"radius":50,"location":"90650","bodytype":["fit"],"maximum_attractiveness":10000,"minimum_attractiveness":6000,"speaks_my_language":true,"availability":"single","monogamy":"yes","last_login":63115200,"limit":1000}

[2017-11-03 02:11:05.454] [ERROR] cheese - found 22 search results
[2017-11-03 02:11:05.916] [ERROR] cheese - user capircornblondie already exists
[2017-11-03 02:11:08.169] [ERROR] cheese - miranda_chloe only has 30 messages, so skipping
[2017-11-03 02:11:09.112] [ERROR] cheese - anna_marie_88 only has 6 messages, so skipping
[2017-11-03 02:11:09.607] [ERROR] cheese - user mandabreana already exists
[2017-11-03 02:11:10.076] [ERROR] cheese - user kickassaries already exists
[2017-11-03 02:11:10.925] [ERROR] cheese - urfavscorpio only has 5 messages, so skipping
[2017-11-03 02:11:14.306] [ERROR] cheese - hchav only has 10 messages, so skipping
[2017-11-03 02:11:16.000] [ERROR] cheese - user temariii already exists
[2017-11-03 02:11:16.593] [ERROR] cheese - user alexandruhh already exists
[2017-11-03 02:11:17.695] [ERROR] cheese - BrazilianDeb only has 32 messages, so skipping
[2017-11-03 02:11:18.996] [ERROR] cheese - jazzygiirl only has 5 messages, so skipping
[2017-11-03 02:11:20.020] [ERROR] cheese - camillevictoria only has 0 messages, so skipping
[2017-11-03 02:11:21.044] [ERROR] cheese - napwjlaughrin only has 20 messages, so skipping
[2017-11-03 02:11:21.906] [ERROR] cheese - axtonh only has 25 messages, so skipping
[2017-11-03 02:11:22.490] [ERROR] cheese - user jamesonsmom already exists
[2017-11-03 02:11:23.250] [ERROR] cheese - bellaXXdonna only has 5 messages, so skipping
[2017-11-03 02:11:23.721] [ERROR] cheese - user dorkyshygirl1992 already exists
[2017-11-03 02:11:24.154] [ERROR] cheese - user babeatron already exists
[2017-11-03 02:11:24.617] [ERROR] cheese - user amyyyy21 already exists
[2017-11-03 02:11:25.462] [ERROR] cheese - emilyochoa only has 5 messages, so skipping
[2017-11-03 02:11:25.925] [ERROR] cheese - user sarahxchristine already exists
[2017-11-03 02:11:26.782] [ERROR] cheese - -----------starting--------------

[2017-11-03 02:11:26.782] [ERROR] cheese - Norwalk-average

[2017-11-03 02:11:26.782] [ERROR] cheese - {"order_by":"SPECIAL_BLEND","i_want":"women","they_want":"men","minimum_age":18,"maximum_age":30,"radius":50,"location":"90650","bodytype":["average"],"maximum_attractiveness":10000,"minimum_attractiveness":6000,"speaks_my_language":true,"availability":"single","monogamy":"yes","last_login":63115200,"limit":1000}

[2017-11-03 02:11:27.125] [ERROR] cheese - found 32 search results
[2017-11-03 02:11:28.138] [ERROR] cheese - LilLucy10 only has 15 messages, so skipping
[2017-11-03 02:11:29.031] [ERROR] cheese - _xomommy2d only has 5 messages, so skipping
[2017-11-03 02:11:29.534] [ERROR] cheese - user ValkurmDunes already exists
[2017-11-03 02:11:30.107] [ERROR] cheese - user melruel already exists
[2017-11-03 02:11:31.054] [ERROR] cheese - user sicgyfcspda already exists
[2017-11-03 02:11:31.769] [ERROR] cheese - xoxoxflowerchild only has 8 messages, so skipping
[2017-11-03 02:11:32.485] [ERROR] cheese - Marianne_leigh only has 36 messages, so skipping
[2017-11-03 02:11:33.153] [ERROR] cheese - user astav7 already exists
[2017-11-03 02:11:33.603] [ERROR] cheese - user Marina0420 already exists
[2017-11-03 02:11:34.485] [ERROR] cheese - Gcasc6 only has 16 messages, so skipping
[2017-11-03 02:11:34.884] [ERROR] cheese - user StellaBunny69 already exists
[2017-11-03 02:11:35.692] [ERROR] cheese - karen0304 only has 13 messages, so skipping
[2017-11-03 02:11:37.634] [ERROR] cheese - chipsinasandwich only has 32 messages, so skipping
[2017-11-03 02:11:38.458] [ERROR] cheese - scorinmalia only has 49 messages, so skipping
[2017-11-03 02:11:39.142] [ERROR] cheese - user Stac_92 already exists
[2017-11-03 02:11:39.537] [ERROR] cheese - user alyson91 already exists
[2017-11-03 02:11:40.114] [ERROR] cheese - user cassidi21 already exists
[2017-11-03 02:11:40.509] [ERROR] cheese - user loyallakota already exists
[2017-11-03 02:11:41.526] [ERROR] cheese - DancingBrit91 only has 4 messages, so skipping
[2017-11-03 02:11:43.511] [ERROR] cheese - cariann88 only has 33 messages, so skipping
[2017-11-03 02:11:44.010] [ERROR] cheese - user karlamariesan already exists
[2017-11-03 02:11:44.721] [ERROR] cheese - the_jelly_fish only has 41 messages, so skipping
[2017-11-03 02:11:45.249] [ERROR] cheese - user Gabrielle8908 already exists
[2017-11-03 02:11:46.304] [ERROR] cheese - BabiiRed1995 only has 23 messages, so skipping
[2017-11-03 02:11:47.082] [ERROR] cheese - user lad16314 already exists
[2017-11-03 02:11:47.763] [ERROR] cheese - user number1mango already exists
[2017-11-03 02:11:48.624] [ERROR] cheese - Katexo16 only has 0 messages, so skipping
[2017-11-03 02:11:50.954] [ERROR] cheese - scarletphoenix29 only has 4 messages, so skipping
[2017-11-03 02:11:51.684] [ERROR] cheese - diz__taco only has 47 messages, so skipping
[2017-11-03 02:11:52.585] [ERROR] cheese - samanthabbya only has 5 messages, so skipping
[2017-11-03 02:13:55.394] [ERROR] cheese - -----------starting--------------

[2017-11-03 02:13:55.396] [ERROR] cheese - El Paso-skinny

[2017-11-03 02:13:55.396] [ERROR] cheese - {"order_by":"SPECIAL_BLEND","i_want":"women","they_want":"men","minimum_age":18,"maximum_age":30,"radius":50,"location":"79936","bodytype":["skinny"],"maximum_attractiveness":10000,"minimum_attractiveness":6000,"speaks_my_language":true,"availability":"single","monogamy":"yes","last_login":63115200,"limit":1000}

[2017-11-03 02:13:55.721] [ERROR] cheese - found 6 search results
[2017-11-03 02:18:55.125] [ERROR] cheese - -----------starting--------------

[2017-11-03 02:18:55.127] [ERROR] cheese - El Paso-skinny

[2017-11-03 02:18:55.127] [ERROR] cheese - {"order_by":"SPECIAL_BLEND","i_want":"women","they_want":"men","minimum_age":18,"maximum_age":30,"radius":50,"location":"79936","bodytype":["skinny"],"maximum_attractiveness":10000,"minimum_attractiveness":6000,"speaks_my_language":true,"availability":"single","monogamy":"yes","last_login":63115200,"limit":1000}

[2017-11-03 02:18:55.711] [ERROR] cheese - found 6 search results
[2017-11-03 02:19:00.829] [ERROR] cheese - TSVeee only has 5 messages, so skipping
[2017-11-03 02:19:01.842] [ERROR] cheese - alyaurora1 only has 29 messages, so skipping
[2017-11-03 02:19:02.432] [ERROR] cheese - user harmonyelaine already exists
[2017-11-03 02:19:02.958] [ERROR] cheese - user dez_villa already exists
[2017-11-03 02:19:03.825] [ERROR] cheese - guera22 only has 25 messages, so skipping
[2017-11-03 02:19:04.947] [ERROR] cheese - michelle988 only has 17 messages, so skipping
[2017-11-03 02:19:04.948] [ERROR] cheese - -----------starting--------------

[2017-11-03 02:19:04.948] [ERROR] cheese - El Paso-fit

[2017-11-03 02:19:04.948] [ERROR] cheese - {"order_by":"SPECIAL_BLEND","i_want":"women","they_want":"men","minimum_age":18,"maximum_age":30,"radius":50,"location":"79936","bodytype":["fit"],"maximum_attractiveness":10000,"minimum_attractiveness":6000,"speaks_my_language":true,"availability":"single","monogamy":"yes","last_login":63115200,"limit":1000}

[2017-11-03 02:19:05.262] [ERROR] cheese - found 22 search results
[2017-11-03 02:19:06.047] [ERROR] cheese - hchav only has 10 messages, so skipping
[2017-11-03 02:19:06.972] [ERROR] cheese - axtonh only has 25 messages, so skipping
[2017-11-03 02:19:07.397] [ERROR] cheese - user mandabreana already exists
[2017-11-03 02:19:08.095] [ERROR] cheese - miranda_chloe only has 30 messages, so skipping
[2017-11-03 02:19:08.788] [ERROR] cheese - jazzygiirl only has 5 messages, so skipping
[2017-11-03 02:19:09.646] [ERROR] cheese - BrazilianDeb only has 32 messages, so skipping
[2017-11-03 02:19:10.163] [ERROR] cheese - user kickassaries already exists
[2017-11-03 02:19:11.034] [ERROR] cheese - urfavscorpio only has 5 messages, so skipping
[2017-11-03 02:19:11.994] [ERROR] cheese - napwjlaughrin only has 20 messages, so skipping
[2017-11-03 02:19:13.465] [ERROR] cheese - camillevictoria only has 0 messages, so skipping
[2017-11-03 02:19:13.859] [ERROR] cheese - user capircornblondie already exists
[2017-11-03 02:19:14.289] [ERROR] cheese - user alexandruhh already exists
[2017-11-03 02:19:14.765] [ERROR] cheese - user temariii already exists
[2017-11-03 02:19:15.503] [ERROR] cheese - anna_marie_88 only has 6 messages, so skipping
[2017-11-03 02:19:16.001] [ERROR] cheese - user jamesonsmom already exists
[2017-11-03 02:19:16.780] [ERROR] cheese - emilyochoa only has 5 messages, so skipping
[2017-11-03 02:19:17.172] [ERROR] cheese - user dorkyshygirl1992 already exists
[2017-11-03 02:19:17.618] [ERROR] cheese - user sarahxchristine already exists
[2017-11-03 02:19:19.695] [ERROR] cheese - bellaXXdonna only has 5 messages, so skipping
[2017-11-03 02:19:20.390] [ERROR] cheese - user amyyyy21 already exists
[2017-11-03 02:19:21.173] [ERROR] cheese - user babeatron already exists
[2017-11-03 02:19:22.284] [ERROR] cheese - -----------starting--------------

[2017-11-03 02:19:22.284] [ERROR] cheese - El Paso-average

[2017-11-03 02:19:22.284] [ERROR] cheese - {"order_by":"SPECIAL_BLEND","i_want":"women","they_want":"men","minimum_age":18,"maximum_age":30,"radius":50,"location":"79936","bodytype":["average"],"maximum_attractiveness":10000,"minimum_attractiveness":6000,"speaks_my_language":true,"availability":"single","monogamy":"yes","last_login":63115200,"limit":1000}

[2017-11-03 02:19:22.661] [ERROR] cheese - found 32 search results
[2017-11-03 02:19:23.200] [ERROR] cheese - user Stac_92 already exists
[2017-11-03 02:19:23.883] [ERROR] cheese - xoxoxflowerchild only has 8 messages, so skipping
[2017-11-03 02:19:24.284] [ERROR] cheese - user melruel already exists
[2017-11-03 02:19:24.662] [ERROR] cheese - user alyson91 already exists
[2017-11-03 02:19:25.191] [ERROR] cheese - user sicgyfcspda already exists
[2017-11-03 02:19:25.695] [ERROR] cheese - user ValkurmDunes already exists
[2017-11-03 02:19:26.546] [ERROR] cheese - Marianne_leigh only has 36 messages, so skipping
[2017-11-03 02:19:27.102] [ERROR] cheese - user loyallakota already exists
[2017-11-03 02:19:27.982] [ERROR] cheese - BabiiRed1995 only has 23 messages, so skipping
[2017-11-03 02:19:28.898] [ERROR] cheese - user cassidi21 already exists
[2017-11-03 02:19:29.510] [ERROR] cheese - user astav7 already exists
[2017-11-03 02:19:30.521] [ERROR] cheese - DancingBrit91 only has 4 messages, so skipping
[2017-11-03 02:19:31.509] [ERROR] cheese - chipsinasandwich only has 32 messages, so skipping
[2017-11-03 02:19:32.286] [ERROR] cheese - scorinmalia only has 49 messages, so skipping
[2017-11-03 02:19:32.957] [ERROR] cheese - Gcasc6 only has 16 messages, so skipping
[2017-11-03 02:19:33.622] [ERROR] cheese - user Gabrielle8908 already exists
[2017-11-03 02:19:34.312] [ERROR] cheese - _xomommy2d only has 5 messages, so skipping
[2017-11-03 02:19:35.055] [ERROR] cheese - LilLucy10 only has 15 messages, so skipping
[2017-11-03 02:19:35.476] [ERROR] cheese - user karlamariesan already exists
[2017-11-03 02:19:35.892] [ERROR] cheese - user Marina0420 already exists
[2017-11-03 02:19:36.473] [ERROR] cheese - user StellaBunny69 already exists
[2017-11-03 02:19:36.889] [ERROR] cheese - user lad16314 already exists
[2017-11-03 02:19:37.837] [ERROR] cheese - the_jelly_fish only has 41 messages, so skipping
[2017-11-03 02:19:40.972] [ERROR] cheese - karen0304 only has 13 messages, so skipping
[2017-11-03 02:19:42.001] [ERROR] cheese - cariann88 only has 33 messages, so skipping
[2017-11-03 02:19:42.720] [ERROR] cheese - diz__taco only has 47 messages, so skipping
[2017-11-03 02:19:43.595] [ERROR] cheese - scarletphoenix29 only has 4 messages, so skipping
[2017-11-03 02:19:44.551] [ERROR] cheese - ohmysara only has 47 messages, so skipping
[2017-11-03 02:19:45.528] [ERROR] cheese - samanthabbya only has 5 messages, so skipping
[2017-11-03 02:19:46.158] [ERROR] cheese - user number1mango already exists
[2017-11-03 02:19:47.039] [ERROR] cheese - Katexo16 only has 0 messages, so skipping
[2017-11-03 02:19:47.835] [ERROR] cheese - user hihelloimhere already exists
[2017-11-03 02:19:47.836] [ERROR] cheese - -----------starting--------------

[2017-11-03 02:19:47.836] [ERROR] cheese - El Paso-jacked

[2017-11-03 02:19:47.836] [ERROR] cheese - {"order_by":"SPECIAL_BLEND","i_want":"women","they_want":"men","minimum_age":18,"maximum_age":30,"radius":50,"location":"79936","bodytype":["jacked"],"maximum_attractiveness":10000,"minimum_attractiveness":6000,"speaks_my_language":true,"availability":"single","monogamy":"yes","last_login":63115200,"limit":1000}

[2017-11-03 02:19:48.167] [ERROR] cheese - found 0 search results
[2017-11-03 02:19:48.167] [ERROR] cheese - -----------starting--------------

[2017-11-03 02:19:48.168] [ERROR] cheese - Chicago IL-skinny

[2017-11-03 02:19:48.168] [ERROR] cheese - {"order_by":"SPECIAL_BLEND","i_want":"women","they_want":"men","minimum_age":18,"maximum_age":30,"radius":50,"location":"60629","bodytype":["skinny"],"maximum_attractiveness":10000,"minimum_attractiveness":6000,"speaks_my_language":true,"availability":"single","monogamy":"yes","last_login":63115200,"limit":1000}

[2017-11-03 02:19:48.481] [ERROR] cheese - found 6 search results
[2017-11-03 02:19:48.917] [ERROR] cheese - user harmonyelaine already exists
[2017-11-03 02:19:49.682] [ERROR] cheese - alyaurora1 only has 29 messages, so skipping
[2017-11-03 02:19:50.386] [ERROR] cheese - TSVeee only has 5 messages, so skipping
[2017-11-03 02:19:51.127] [ERROR] cheese - guera22 only has 25 messages, so skipping
[2017-11-03 02:19:51.841] [ERROR] cheese - user dez_villa already exists
[2017-11-03 02:19:52.549] [ERROR] cheese - michelle988 only has 17 messages, so skipping
[2017-11-03 02:19:52.549] [ERROR] cheese - -----------starting--------------

[2017-11-03 02:19:52.549] [ERROR] cheese - Chicago IL-fit

[2017-11-03 02:19:52.549] [ERROR] cheese - {"order_by":"SPECIAL_BLEND","i_want":"women","they_want":"men","minimum_age":18,"maximum_age":30,"radius":50,"location":"60629","bodytype":["fit"],"maximum_attractiveness":10000,"minimum_attractiveness":6000,"speaks_my_language":true,"availability":"single","monogamy":"yes","last_login":63115200,"limit":1000}

[2017-11-03 02:19:52.846] [ERROR] cheese - found 22 search results
[2017-11-03 02:19:53.481] [ERROR] cheese - user capircornblondie already exists
[2017-11-03 02:19:54.207] [ERROR] cheese - anna_marie_88 only has 6 messages, so skipping
[2017-11-03 02:19:54.782] [ERROR] cheese - user alexandruhh already exists
[2017-11-03 02:19:55.463] [ERROR] cheese - axtonh only has 25 messages, so skipping
[2017-11-03 02:19:56.235] [ERROR] cheese - miranda_chloe only has 30 messages, so skipping
[2017-11-03 02:19:56.805] [ERROR] cheese - user kickassaries already exists
[2017-11-03 02:19:57.238] [ERROR] cheese - user sarahxchristine already exists
[2017-11-03 02:19:58.093] [ERROR] cheese - hchav only has 10 messages, so skipping
[2017-11-03 02:19:58.925] [ERROR] cheese - jazzygiirl only has 5 messages, so skipping
[2017-11-03 02:19:59.407] [ERROR] cheese - user dorkyshygirl1992 already exists
[2017-11-03 02:19:59.849] [ERROR] cheese - user jamesonsmom already exists
[2017-11-03 02:20:00.534] [ERROR] cheese - camillevictoria only has 0 messages, so skipping
[2017-11-03 02:20:01.212] [ERROR] cheese - BrazilianDeb only has 32 messages, so skipping
[2017-11-03 02:20:01.679] [ERROR] cheese - user mandabreana already exists
[2017-11-03 02:20:02.812] [ERROR] cheese - user temariii already exists
[2017-11-03 02:20:03.528] [ERROR] cheese - bellaXXdonna only has 5 messages, so skipping
[2017-11-03 02:20:04.136] [ERROR] cheese - user babeatron already exists
[2017-11-03 02:20:04.974] [ERROR] cheese - napwjlaughrin only has 20 messages, so skipping
[2017-11-03 02:20:05.486] [ERROR] cheese - user amyyyy21 already exists
[2017-11-03 02:20:07.113] [ERROR] cheese - urfavscorpio only has 5 messages, so skipping
[2017-11-03 02:20:07.919] [ERROR] cheese - emilyochoa only has 5 messages, so skipping
[2017-11-03 02:20:07.919] [ERROR] cheese - -----------starting--------------

[2017-11-03 02:20:07.919] [ERROR] cheese - Chicago IL-average

[2017-11-03 02:20:07.919] [ERROR] cheese - {"order_by":"SPECIAL_BLEND","i_want":"women","they_want":"men","minimum_age":18,"maximum_age":30,"radius":50,"location":"60629","bodytype":["average"],"maximum_attractiveness":10000,"minimum_attractiveness":6000,"speaks_my_language":true,"availability":"single","monogamy":"yes","last_login":63115200,"limit":1000}

[2017-11-03 02:20:08.251] [ERROR] cheese - found 32 search results
[2017-11-03 02:20:08.896] [ERROR] cheese - user Stac_92 already exists
[2017-11-03 02:20:09.430] [ERROR] cheese - user sicgyfcspda already exists
[2017-11-03 02:20:10.489] [ERROR] cheese - chipsinasandwich only has 32 messages, so skipping
[2017-11-03 02:20:10.880] [ERROR] cheese - user alyson91 already exists
[2017-11-03 02:20:11.686] [ERROR] cheese - xoxoxflowerchild only has 8 messages, so skipping
[2017-11-03 02:20:12.217] [ERROR] cheese - user loyallakota already exists
[2017-11-03 02:20:13.293] [ERROR] cheese - karen0304 only has 13 messages, so skipping
[2017-11-03 02:20:13.999] [ERROR] cheese - Marianne_leigh only has 36 messages, so skipping
[2017-11-03 02:20:14.372] [ERROR] cheese - user StellaBunny69 already exists
[2017-11-03 02:20:15.077] [ERROR] cheese - Gcasc6 only has 16 messages, so skipping
[2017-11-03 02:20:15.435] [ERROR] cheese - user astav7 already exists
[2017-11-03 02:20:16.012] [ERROR] cheese - user cassidi21 already exists
[2017-11-03 02:20:16.809] [ERROR] cheese - BabiiRed1995 only has 23 messages, so skipping
[2017-11-03 02:20:17.259] [ERROR] cheese - user Marina0420 already exists
[2017-11-03 02:20:18.584] [ERROR] cheese - DancingBrit91 only has 4 messages, so skipping
[2017-11-03 02:20:19.382] [ERROR] cheese - _xomommy2d only has 5 messages, so skipping
[2017-11-03 02:20:21.317] [ERROR] cheese - LilLucy10 only has 15 messages, so skipping
[2017-11-03 02:20:22.285] [ERROR] cheese - scorinmalia only has 49 messages, so skipping
[2017-11-03 02:20:22.744] [ERROR] cheese - user ValkurmDunes already exists
[2017-11-03 02:20:23.139] [ERROR] cheese - user karlamariesan already exists
[2017-11-03 02:20:23.601] [ERROR] cheese - user Gabrielle8908 already exists
[2017-11-03 02:20:24.221] [ERROR] cheese - user melruel already exists
[2017-11-03 02:20:25.108] [ERROR] cheese - the_jelly_fish only has 41 messages, so skipping
[2017-11-03 02:20:25.555] [ERROR] cheese - user lad16314 already exists
[2017-11-03 02:20:26.360] [ERROR] cheese - cariann88 only has 33 messages, so skipping
[2017-11-03 02:20:27.456] [ERROR] cheese - samanthabbya only has 5 messages, so skipping
[2017-11-03 02:20:27.899] [ERROR] cheese - user number1mango already exists
[2017-11-03 02:20:28.817] [ERROR] cheese - ohmysara only has 47 messages, so skipping
[2017-11-03 02:20:29.627] [ERROR] cheese - diz__taco only has 47 messages, so skipping
[2017-11-03 02:20:30.475] [ERROR] cheese - Katexo16 only has 0 messages, so skipping
[2017-11-03 02:20:31.279] [ERROR] cheese - scarletphoenix29 only has 4 messages, so skipping
[2017-11-03 02:20:31.841] [ERROR] cheese - user hihelloimhere already exists
[2017-11-03 02:20:31.842] [ERROR] cheese - -----------starting--------------

[2017-11-03 02:20:31.842] [ERROR] cheese - Chicago IL-jacked

[2017-11-03 02:20:31.842] [ERROR] cheese - {"order_by":"SPECIAL_BLEND","i_want":"women","they_want":"men","minimum_age":18,"maximum_age":30,"radius":50,"location":"60629","bodytype":["jacked"],"maximum_attractiveness":10000,"minimum_attractiveness":6000,"speaks_my_language":true,"availability":"single","monogamy":"yes","last_login":63115200,"limit":1000}

[2017-11-03 02:20:32.174] [ERROR] cheese - found 0 search results
[2017-11-03 02:20:32.175] [ERROR] cheese - -----------starting--------------

[2017-11-03 02:20:32.175] [ERROR] cheese - Los Angeles-skinny

[2017-11-03 02:20:32.175] [ERROR] cheese - {"order_by":"SPECIAL_BLEND","i_want":"women","they_want":"men","minimum_age":18,"maximum_age":30,"radius":50,"location":"90011","bodytype":["skinny"],"maximum_attractiveness":10000,"minimum_attractiveness":6000,"speaks_my_language":true,"availability":"single","monogamy":"yes","last_login":63115200,"limit":1000}

[2017-11-03 02:20:32.512] [ERROR] cheese - found 6 search results
[2017-11-03 02:20:33.197] [ERROR] cheese - TSVeee only has 5 messages, so skipping
[2017-11-03 02:20:33.875] [ERROR] cheese - alyaurora1 only has 29 messages, so skipping
[2017-11-03 02:20:34.429] [ERROR] cheese - user dez_villa already exists
[2017-11-03 02:20:35.128] [ERROR] cheese - guera22 only has 25 messages, so skipping
[2017-11-03 02:20:35.682] [ERROR] cheese - user harmonyelaine already exists
[2017-11-03 02:20:36.387] [ERROR] cheese - michelle988 only has 17 messages, so skipping
[2017-11-03 02:20:36.387] [ERROR] cheese - -----------starting--------------

[2017-11-03 02:20:36.387] [ERROR] cheese - Los Angeles-fit

[2017-11-03 02:20:36.387] [ERROR] cheese - {"order_by":"SPECIAL_BLEND","i_want":"women","they_want":"men","minimum_age":18,"maximum_age":30,"radius":50,"location":"90011","bodytype":["fit"],"maximum_attractiveness":10000,"minimum_attractiveness":6000,"speaks_my_language":true,"availability":"single","monogamy":"yes","last_login":63115200,"limit":1000}

[2017-11-03 02:20:36.724] [ERROR] cheese - found 22 search results
[2017-11-03 02:20:37.439] [ERROR] cheese - miranda_chloe only has 30 messages, so skipping
[2017-11-03 02:20:38.312] [ERROR] cheese - hchav only has 10 messages, so skipping
[2017-11-03 02:20:38.665] [ERROR] cheese - user capircornblondie already exists
[2017-11-03 02:20:39.466] [ERROR] cheese - BrazilianDeb only has 32 messages, so skipping
[2017-11-03 02:20:40.269] [ERROR] cheese - jazzygiirl only has 5 messages, so skipping
[2017-11-03 02:20:41.096] [ERROR] cheese - urfavscorpio only has 5 messages, so skipping
[2017-11-03 02:20:41.489] [ERROR] cheese - user alexandruhh already exists
[2017-11-03 02:20:41.963] [ERROR] cheese - user mandabreana already exists
[2017-11-03 02:20:42.683] [ERROR] cheese - axtonh only has 25 messages, so skipping
[2017-11-03 02:20:44.658] [ERROR] cheese - anna_marie_88 only has 6 messages, so skipping
[2017-11-03 02:20:45.477] [ERROR] cheese - camillevictoria only has 0 messages, so skipping
[2017-11-03 02:20:46.411] [ERROR] cheese - bellaXXdonna only has 5 messages, so skipping
[2017-11-03 02:20:46.907] [ERROR] cheese - user babeatron already exists
[2017-11-03 02:20:47.423] [ERROR] cheese - user kickassaries already exists
[2017-11-03 02:20:47.949] [ERROR] cheese - user jamesonsmom already exists
[2017-11-03 02:20:48.335] [ERROR] cheese - user dorkyshygirl1992 already exists
[2017-11-03 02:20:49.081] [ERROR] cheese - emilyochoa only has 5 messages, so skipping
[2017-11-03 02:20:49.632] [ERROR] cheese - user sarahxchristine already exists
[2017-11-03 02:20:50.154] [ERROR] cheese - user temariii already exists
[2017-11-03 02:20:50.632] [ERROR] cheese - user amyyyy21 already exists
[2017-11-03 02:20:52.176] [ERROR] cheese - napwjlaughrin only has 20 messages, so skipping
[2017-11-03 02:20:52.176] [ERROR] cheese - -----------starting--------------

[2017-11-03 02:20:52.176] [ERROR] cheese - Los Angeles-average

[2017-11-03 02:20:52.176] [ERROR] cheese - {"order_by":"SPECIAL_BLEND","i_want":"women","they_want":"men","minimum_age":18,"maximum_age":30,"radius":50,"location":"90011","bodytype":["average"],"maximum_attractiveness":10000,"minimum_attractiveness":6000,"speaks_my_language":true,"availability":"single","monogamy":"yes","last_login":63115200,"limit":1000}

[2017-11-03 02:20:52.510] [ERROR] cheese - found 32 search results
[2017-11-03 02:20:53.245] [ERROR] cheese - user sicgyfcspda already exists
[2017-11-03 02:20:54.104] [ERROR] cheese - _xomommy2d only has 5 messages, so skipping
[2017-11-03 02:20:54.678] [ERROR] cheese - user ValkurmDunes already exists
[2017-11-03 02:20:55.669] [ERROR] cheese - LilLucy10 only has 15 messages, so skipping
[2017-11-03 02:20:56.639] [ERROR] cheese - Marianne_leigh only has 36 messages, so skipping
[2017-11-03 02:20:57.073] [ERROR] cheese - user astav7 already exists
[2017-11-03 02:20:57.977] [ERROR] cheese - chipsinasandwich only has 32 messages, so skipping
[2017-11-03 02:20:58.469] [ERROR] cheese - user Stac_92 already exists
[2017-11-03 02:20:59.034] [ERROR] cheese - user loyallakota already exists
[2017-11-03 02:20:59.812] [ERROR] cheese - xoxoxflowerchild only has 8 messages, so skipping
[2017-11-03 02:21:00.219] [ERROR] cheese - user alyson91 already exists
[2017-11-03 02:21:00.660] [ERROR] cheese - user StellaBunny69 already exists
[2017-11-03 02:21:01.369] [ERROR] cheese - karen0304 only has 13 messages, so skipping
[2017-11-03 02:21:02.022] [ERROR] cheese - scorinmalia only has 49 messages, so skipping
[2017-11-03 02:21:02.445] [ERROR] cheese - user Gabrielle8908 already exists
[2017-11-03 02:21:02.935] [ERROR] cheese - user melruel already exists
[2017-11-03 02:21:03.419] [ERROR] cheese - user cassidi21 already exists
[2017-11-03 02:21:04.271] [ERROR] cheese - Gcasc6 only has 16 messages, so skipping
[2017-11-03 02:21:04.693] [ERROR] cheese - user Marina0420 already exists
[2017-11-03 02:21:05.215] [ERROR] cheese - user lad16314 already exists
[2017-11-03 02:21:05.982] [ERROR] cheese - samanthabbya only has 5 messages, so skipping
[2017-11-03 02:21:06.883] [ERROR] cheese - the_jelly_fish only has 41 messages, so skipping
[2017-11-03 02:21:07.731] [ERROR] cheese - BabiiRed1995 only has 23 messages, so skipping
[2017-11-03 02:21:08.424] [ERROR] cheese - DancingBrit91 only has 4 messages, so skipping
[2017-11-03 02:21:09.143] [ERROR] cheese - ohmysara only has 47 messages, so skipping
[2017-11-03 02:21:09.942] [ERROR] cheese - diz__taco only has 47 messages, so skipping
[2017-11-03 02:21:10.389] [ERROR] cheese - user karlamariesan already exists
[2017-11-03 02:21:10.897] [ERROR] cheese - user number1mango already exists
[2017-11-03 02:21:11.609] [ERROR] cheese - scarletphoenix29 only has 4 messages, so skipping
[2017-11-03 02:21:12.410] [ERROR] cheese - Katexo16 only has 0 messages, so skipping
[2017-11-03 02:21:13.125] [ERROR] cheese - cariann88 only has 33 messages, so skipping
[2017-11-03 02:21:13.628] [ERROR] cheese - user hihelloimhere already exists
[2017-11-03 02:21:13.628] [ERROR] cheese - -----------starting--------------

[2017-11-03 02:21:13.628] [ERROR] cheese - Los Angeles-jacked

[2017-11-03 02:21:13.628] [ERROR] cheese - {"order_by":"SPECIAL_BLEND","i_want":"women","they_want":"men","minimum_age":18,"maximum_age":30,"radius":50,"location":"90011","bodytype":["jacked"],"maximum_attractiveness":10000,"minimum_attractiveness":6000,"speaks_my_language":true,"availability":"single","monogamy":"yes","last_login":63115200,"limit":1000}

[2017-11-03 02:21:13.947] [ERROR] cheese - found 0 search results
[2017-11-03 02:21:13.948] [ERROR] cheese - -----------starting--------------

[2017-11-03 02:21:13.948] [ERROR] cheese - Norwalk-skinny

[2017-11-03 02:21:13.948] [ERROR] cheese - {"order_by":"SPECIAL_BLEND","i_want":"women","they_want":"men","minimum_age":18,"maximum_age":30,"radius":50,"location":"90650","bodytype":["skinny"],"maximum_attractiveness":10000,"minimum_attractiveness":6000,"speaks_my_language":true,"availability":"single","monogamy":"yes","last_login":63115200,"limit":1000}

[2017-11-03 02:21:14.238] [ERROR] cheese - found 6 search results
[2017-11-03 02:21:14.697] [ERROR] cheese - user harmonyelaine already exists
[2017-11-03 02:21:15.415] [ERROR] cheese - alyaurora1 only has 29 messages, so skipping
[2017-11-03 02:21:16.010] [ERROR] cheese - user dez_villa already exists
[2017-11-03 02:21:16.734] [ERROR] cheese - TSVeee only has 5 messages, so skipping
[2017-11-03 02:21:17.436] [ERROR] cheese - guera22 only has 25 messages, so skipping
[2017-11-03 02:21:18.146] [ERROR] cheese - michelle988 only has 17 messages, so skipping
[2017-11-03 02:21:18.147] [ERROR] cheese - -----------starting--------------

[2017-11-03 02:21:18.147] [ERROR] cheese - Norwalk-fit

[2017-11-03 02:21:18.147] [ERROR] cheese - {"order_by":"SPECIAL_BLEND","i_want":"women","they_want":"men","minimum_age":18,"maximum_age":30,"radius":50,"location":"90650","bodytype":["fit"],"maximum_attractiveness":10000,"minimum_attractiveness":6000,"speaks_my_language":true,"availability":"single","monogamy":"yes","last_login":63115200,"limit":1000}

[2017-11-03 02:21:18.849] [ERROR] cheese - found 22 search results
[2017-11-03 02:21:19.719] [ERROR] cheese - miranda_chloe only has 30 messages, so skipping
[2017-11-03 02:21:20.316] [ERROR] cheese - user capircornblondie already exists
[2017-11-03 02:21:21.234] [ERROR] cheese - axtonh only has 25 messages, so skipping
[2017-11-03 02:21:21.851] [ERROR] cheese - user alexandruhh already exists
[2017-11-03 02:21:22.320] [ERROR] cheese - user kickassaries already exists
[2017-11-03 02:21:23.047] [ERROR] cheese - urfavscorpio only has 5 messages, so skipping
[2017-11-03 02:21:23.508] [ERROR] cheese - user mandabreana already exists
[2017-11-03 02:21:24.202] [ERROR] cheese - jazzygiirl only has 5 messages, so skipping
[2017-11-03 02:21:25.110] [ERROR] cheese - napwjlaughrin only has 20 messages, so skipping
[2017-11-03 02:21:25.499] [ERROR] cheese - user dorkyshygirl1992 already exists
[2017-11-03 02:21:28.224] [ERROR] cheese - hchav only has 10 messages, so skipping
[2017-11-03 02:21:28.716] [ERROR] cheese - user temariii already exists
[2017-11-03 02:21:29.423] [ERROR] cheese - anna_marie_88 only has 6 messages, so skipping
[2017-11-03 02:21:30.365] [ERROR] cheese - BrazilianDeb only has 32 messages, so skipping
[2017-11-03 02:21:30.755] [ERROR] cheese - user jamesonsmom already exists
[2017-11-03 02:21:31.864] [ERROR] cheese - emilyochoa only has 5 messages, so skipping
[2017-11-03 02:21:32.439] [ERROR] cheese - user sarahxchristine already exists
[2017-11-03 02:21:33.153] [ERROR] cheese - camillevictoria only has 0 messages, so skipping
[2017-11-03 02:21:34.027] [ERROR] cheese - bellaXXdonna only has 5 messages, so skipping
[2017-11-03 02:21:34.416] [ERROR] cheese - user babeatron already exists
[2017-11-03 02:21:34.799] [ERROR] cheese - user amyyyy21 already exists
[2017-11-03 02:21:35.606] [ERROR] cheese - -----------starting--------------

[2017-11-03 02:21:35.606] [ERROR] cheese - Norwalk-average

[2017-11-03 02:21:35.606] [ERROR] cheese - {"order_by":"SPECIAL_BLEND","i_want":"women","they_want":"men","minimum_age":18,"maximum_age":30,"radius":50,"location":"90650","bodytype":["average"],"maximum_attractiveness":10000,"minimum_attractiveness":6000,"speaks_my_language":true,"availability":"single","monogamy":"yes","last_login":63115200,"limit":1000}

[2017-11-03 02:21:35.926] [ERROR] cheese - found 32 search results
[2017-11-03 02:21:36.432] [ERROR] cheese - user sicgyfcspda already exists
[2017-11-03 02:21:36.856] [ERROR] cheese - user Stac_92 already exists
[2017-11-03 02:21:37.640] [ERROR] cheese - Marianne_leigh only has 36 messages, so skipping
[2017-11-03 02:21:38.034] [ERROR] cheese - user astav7 already exists
[2017-11-03 02:21:38.442] [ERROR] cheese - user alyson91 already exists
[2017-11-03 02:21:38.957] [ERROR] cheese - user cassidi21 already exists
[2017-11-03 02:21:39.688] [ERROR] cheese - chipsinasandwich only has 32 messages, so skipping
[2017-11-03 02:21:40.399] [ERROR] cheese - xoxoxflowerchild only has 8 messages, so skipping
[2017-11-03 02:21:41.160] [ERROR] cheese - LilLucy10 only has 15 messages, so skipping
[2017-11-03 02:21:41.936] [ERROR] cheese - _xomommy2d only has 5 messages, so skipping
[2017-11-03 02:21:42.383] [ERROR] cheese - user ValkurmDunes already exists
[2017-11-03 02:21:42.808] [ERROR] cheese - user Marina0420 already exists
[2017-11-03 02:21:43.608] [ERROR] cheese - BabiiRed1995 only has 23 messages, so skipping
[2017-11-03 02:21:44.453] [ERROR] cheese - DancingBrit91 only has 4 messages, so skipping
[2017-11-03 02:21:44.901] [ERROR] cheese - user loyallakota already exists
[2017-11-03 02:21:45.793] [ERROR] cheese - karen0304 only has 13 messages, so skipping
[2017-11-03 02:21:48.488] [ERROR] cheese - scorinmalia only has 49 messages, so skipping
[2017-11-03 02:21:49.001] [ERROR] cheese - user Gabrielle8908 already exists
[2017-11-03 02:21:49.804] [ERROR] cheese - Gcasc6 only has 16 messages, so skipping
[2017-11-03 02:21:50.255] [ERROR] cheese - user number1mango already exists
[2017-11-03 02:21:50.744] [ERROR] cheese - user melruel already exists
[2017-11-03 02:21:51.304] [ERROR] cheese - user lad16314 already exists
[2017-11-03 02:21:51.721] [ERROR] cheese - user StellaBunny69 already exists
[2017-11-03 02:21:52.516] [ERROR] cheese - the_jelly_fish only has 41 messages, so skipping
[2017-11-03 02:21:53.711] [ERROR] cheese - user karlamariesan already exists
[2017-11-03 02:21:54.597] [ERROR] cheese - cariann88 only has 33 messages, so skipping
[2017-11-03 02:21:55.360] [ERROR] cheese - samanthabbya only has 5 messages, so skipping
[2017-11-03 02:21:56.340] [ERROR] cheese - ohmysara only has 47 messages, so skipping
[2017-11-03 02:21:57.019] [ERROR] cheese - scarletphoenix29 only has 4 messages, so skipping
[2017-11-03 02:21:57.803] [ERROR] cheese - Katexo16 only has 0 messages, so skipping
[2017-11-03 02:21:58.523] [ERROR] cheese - diz__taco only has 47 messages, so skipping
[2017-11-03 02:21:58.986] [ERROR] cheese - user hihelloimhere already exists
[2017-11-03 02:21:58.986] [ERROR] cheese - -----------starting--------------

[2017-11-03 02:21:58.986] [ERROR] cheese - Norwalk-jacked

[2017-11-03 02:21:58.986] [ERROR] cheese - {"order_by":"SPECIAL_BLEND","i_want":"women","they_want":"men","minimum_age":18,"maximum_age":30,"radius":50,"location":"90650","bodytype":["jacked"],"maximum_attractiveness":10000,"minimum_attractiveness":6000,"speaks_my_language":true,"availability":"single","monogamy":"yes","last_login":63115200,"limit":1000}

[2017-11-03 02:21:59.300] [ERROR] cheese - found 0 search results
[2017-11-03 02:21:59.301] [ERROR] cheese - -----------starting--------------

[2017-11-03 02:21:59.301] [ERROR] cheese - Bell Gardens-skinny

[2017-11-03 02:21:59.301] [ERROR] cheese - {"order_by":"SPECIAL_BLEND","i_want":"women","they_want":"men","minimum_age":18,"maximum_age":30,"radius":50,"location":"90201","bodytype":["skinny"],"maximum_attractiveness":10000,"minimum_attractiveness":6000,"speaks_my_language":true,"availability":"single","monogamy":"yes","last_login":63115200,"limit":1000}

[2017-11-03 02:21:59.614] [ERROR] cheese - found 6 search results
[2017-11-03 02:22:00.412] [ERROR] cheese - TSVeee only has 5 messages, so skipping
[2017-11-03 02:22:01.120] [ERROR] cheese - alyaurora1 only has 29 messages, so skipping
[2017-11-03 02:22:01.700] [ERROR] cheese - user harmonyelaine already exists
[2017-11-03 02:22:02.092] [ERROR] cheese - user dez_villa already exists
[2017-11-03 02:22:03.741] [ERROR] cheese - michelle988 only has 17 messages, so skipping
[2017-11-03 02:22:04.417] [ERROR] cheese - guera22 only has 25 messages, so skipping
[2017-11-03 02:22:04.417] [ERROR] cheese - -----------starting--------------

[2017-11-03 02:22:04.417] [ERROR] cheese - Bell Gardens-fit

[2017-11-03 02:22:04.417] [ERROR] cheese - {"order_by":"SPECIAL_BLEND","i_want":"women","they_want":"men","minimum_age":18,"maximum_age":30,"radius":50,"location":"90201","bodytype":["fit"],"maximum_attractiveness":10000,"minimum_attractiveness":6000,"speaks_my_language":true,"availability":"single","monogamy":"yes","last_login":63115200,"limit":1000}

[2017-11-03 02:22:04.752] [ERROR] cheese - found 22 search results
[2017-11-03 02:22:05.453] [ERROR] cheese - miranda_chloe only has 30 messages, so skipping
[2017-11-03 02:22:06.118] [ERROR] cheese - hchav only has 10 messages, so skipping
[2017-11-03 02:22:06.814] [ERROR] cheese - anna_marie_88 only has 6 messages, so skipping
[2017-11-03 02:22:07.511] [ERROR] cheese - jazzygiirl only has 5 messages, so skipping
[2017-11-03 02:22:07.939] [ERROR] cheese - user mandabreana already exists
[2017-11-03 02:22:08.351] [ERROR] cheese - user capircornblondie already exists
[2017-11-03 02:22:08.909] [ERROR] cheese - user kickassaries already exists
[2017-11-03 02:22:09.513] [ERROR] cheese - user sarahxchristine already exists
[2017-11-03 02:22:10.289] [ERROR] cheese - camillevictoria only has 0 messages, so skipping
[2017-11-03 02:22:10.857] [ERROR] cheese - user temariii already exists
[2017-11-03 02:22:11.629] [ERROR] cheese - urfavscorpio only has 5 messages, so skipping
[2017-11-03 02:22:12.028] [ERROR] cheese - user jamesonsmom already exists
[2017-11-03 02:22:12.787] [ERROR] cheese - BrazilianDeb only has 32 messages, so skipping
[2017-11-03 02:22:13.507] [ERROR] cheese - bellaXXdonna only has 5 messages, so skipping
[2017-11-03 02:22:13.974] [ERROR] cheese - user alexandruhh already exists
[2017-11-03 02:22:14.373] [ERROR] cheese - user dorkyshygirl1992 already exists
[2017-11-03 02:22:15.180] [ERROR] cheese - napwjlaughrin only has 20 messages, so skipping
[2017-11-03 02:22:16.101] [ERROR] cheese - axtonh only has 25 messages, so skipping
[2017-11-03 02:22:16.658] [ERROR] cheese - user amyyyy21 already exists
[2017-11-03 02:22:17.559] [ERROR] cheese - emilyochoa only has 5 messages, so skipping
[2017-11-03 02:22:17.976] [ERROR] cheese - user babeatron already exists
[2017-11-03 02:22:18.790] [ERROR] cheese - -----------starting--------------

[2017-11-03 02:22:18.791] [ERROR] cheese - Bell Gardens-average

[2017-11-03 02:22:18.791] [ERROR] cheese - {"order_by":"SPECIAL_BLEND","i_want":"women","they_want":"men","minimum_age":18,"maximum_age":30,"radius":50,"location":"90201","bodytype":["average"],"maximum_attractiveness":10000,"minimum_attractiveness":6000,"speaks_my_language":true,"availability":"single","monogamy":"yes","last_login":63115200,"limit":1000}

[2017-11-03 02:22:19.102] [ERROR] cheese - found 32 search results
[2017-11-03 02:22:19.865] [ERROR] cheese - LilLucy10 only has 15 messages, so skipping
[2017-11-03 02:22:20.321] [ERROR] cheese - user astav7 already exists
[2017-11-03 02:22:20.814] [ERROR] cheese - user Stac_92 already exists
[2017-11-03 02:22:21.358] [ERROR] cheese - user cassidi21 already exists
[2017-11-03 02:22:22.040] [ERROR] cheese - xoxoxflowerchild only has 8 messages, so skipping
[2017-11-03 02:22:22.678] [ERROR] cheese - user sicgyfcspda already exists
[2017-11-03 02:22:23.187] [ERROR] cheese - user melruel already exists
[2017-11-03 02:22:23.986] [ERROR] cheese - Marianne_leigh only has 36 messages, so skipping
[2017-11-03 02:22:24.732] [ERROR] cheese - chipsinasandwich only has 32 messages, so skipping
[2017-11-03 02:22:25.546] [ERROR] cheese - _xomommy2d only has 5 messages, so skipping
[2017-11-03 02:22:25.931] [ERROR] cheese - user StellaBunny69 already exists
[2017-11-03 02:22:26.392] [ERROR] cheese - user ValkurmDunes already exists
[2017-11-03 02:22:26.872] [ERROR] cheese - user alyson91 already exists
[2017-11-03 02:22:27.630] [ERROR] cheese - DancingBrit91 only has 4 messages, so skipping
[2017-11-03 02:22:28.630] [ERROR] cheese - karen0304 only has 13 messages, so skipping
[2017-11-03 02:22:29.022] [ERROR] cheese - user Marina0420 already exists
[2017-11-03 02:22:32.388] [ERROR] cheese - samanthabbya only has 5 messages, so skipping
[2017-11-03 02:22:32.849] [ERROR] cheese - user loyallakota already exists
[2017-11-03 02:22:33.542] [ERROR] cheese - BabiiRed1995 only has 23 messages, so skipping
[2017-11-03 02:22:34.424] [ERROR] cheese - Gcasc6 only has 16 messages, so skipping
[2017-11-03 02:23:46.961] [ERROR] cheese - -----------starting--------------

[2017-11-03 02:23:46.963] [ERROR] cheese - El Paso-skinny

[2017-11-03 02:23:46.963] [ERROR] cheese - {"order_by":"SPECIAL_BLEND","i_want":"women","they_want":"men","minimum_age":18,"maximum_age":30,"radius":50,"location":"79936","bodytype":["skinny"],"maximum_attractiveness":10000,"minimum_attractiveness":6000,"speaks_my_language":true,"availability":"single","monogamy":"yes","last_login":63115200,"limit":1000}

[2017-11-03 02:33:20.886] [ERROR] cheese - -----------starting--------------

[2017-11-03 02:33:20.889] [ERROR] cheese - El Paso-skinny

[2017-11-03 02:33:20.890] [ERROR] cheese - {"order_by":"SPECIAL_BLEND","i_want":"women","they_want":"men","minimum_age":18,"maximum_age":30,"radius":50,"location":"79936","bodytype":["skinny"],"maximum_attractiveness":10000,"minimum_attractiveness":6000,"speaks_my_language":true,"availability":"single","monogamy":"yes","last_login":63115200,"limit":1000}

[2017-11-03 02:44:59.649] [ERROR] cheese - ReferenceError: locationName is not defined
    at MergeMapSubscriber.rx.Observable.from.mergeMap [as project] (/Users/elliottbirch/Desktop/okcupidjs/lib/client.js:259:36)
    at MergeMapSubscriber._tryNext (/Users/elliottbirch/Desktop/okcupidjs/node_modules/rxjs/operators/mergeMap.js:122:27)
    at MergeMapSubscriber._next (/Users/elliottbirch/Desktop/okcupidjs/node_modules/rxjs/operators/mergeMap.js:112:18)
    at MergeMapSubscriber.Subscriber.next (/Users/elliottbirch/Desktop/okcupidjs/node_modules/rxjs/Subscriber.js:89:18)
    at ArrayObservable._subscribe (/Users/elliottbirch/Desktop/okcupidjs/node_modules/rxjs/observable/ArrayObservable.js:114:28)
    at ArrayObservable.Observable._trySubscribe (/Users/elliottbirch/Desktop/okcupidjs/node_modules/rxjs/Observable.js:172:25)
    at ArrayObservable.Observable.subscribe (/Users/elliottbirch/Desktop/okcupidjs/node_modules/rxjs/Observable.js:160:65)
    at MergeMapOperator.call (/Users/elliottbirch/Desktop/okcupidjs/node_modules/rxjs/operators/mergeMap.js:87:23)
    at Observable.subscribe (/Users/elliottbirch/Desktop/okcupidjs/node_modules/rxjs/Observable.js:157:22)
    at OKCupid.paginatedSearch (/Users/elliottbirch/Desktop/okcupidjs/lib/client.js:319:8)
    at SafeSubscriber.loginStream.subscribe [as _next] (/Users/elliottbirch/Desktop/okcupidjs/index.js:32:7)
    at SafeSubscriber.__tryOrUnsub (/Users/elliottbirch/Desktop/okcupidjs/node_modules/rxjs/Subscriber.js:238:16)
    at SafeSubscriber.next (/Users/elliottbirch/Desktop/okcupidjs/node_modules/rxjs/Subscriber.js:185:22)
    at Subscriber._next (/Users/elliottbirch/Desktop/okcupidjs/node_modules/rxjs/Subscriber.js:125:26)
    at Subscriber.next (/Users/elliottbirch/Desktop/okcupidjs/node_modules/rxjs/Subscriber.js:89:18)
    at /Users/elliottbirch/Desktop/okcupidjs/node_modules/rxjs/observable/PromiseObservable.js:66:36
[2017-11-03 02:45:31.218] [ERROR] cheese - ReferenceError: locationName is not defined
    at MergeMapSubscriber.rx.Observable.from.mergeMap [as project] (/Users/elliottbirch/Desktop/okcupidjs/lib/client.js:259:36)
    at MergeMapSubscriber._tryNext (/Users/elliottbirch/Desktop/okcupidjs/node_modules/rxjs/operators/mergeMap.js:122:27)
    at MergeMapSubscriber._next (/Users/elliottbirch/Desktop/okcupidjs/node_modules/rxjs/operators/mergeMap.js:112:18)
    at MergeMapSubscriber.Subscriber.next (/Users/elliottbirch/Desktop/okcupidjs/node_modules/rxjs/Subscriber.js:89:18)
    at ArrayObservable._subscribe (/Users/elliottbirch/Desktop/okcupidjs/node_modules/rxjs/observable/ArrayObservable.js:114:28)
    at ArrayObservable.Observable._trySubscribe (/Users/elliottbirch/Desktop/okcupidjs/node_modules/rxjs/Observable.js:172:25)
    at ArrayObservable.Observable.subscribe (/Users/elliottbirch/Desktop/okcupidjs/node_modules/rxjs/Observable.js:160:65)
    at MergeMapOperator.call (/Users/elliottbirch/Desktop/okcupidjs/node_modules/rxjs/operators/mergeMap.js:87:23)
    at Observable.subscribe (/Users/elliottbirch/Desktop/okcupidjs/node_modules/rxjs/Observable.js:157:22)
    at OKCupid.paginatedSearch (/Users/elliottbirch/Desktop/okcupidjs/lib/client.js:319:8)
    at SafeSubscriber.loginStream.subscribe [as _next] (/Users/elliottbirch/Desktop/okcupidjs/index.js:32:7)
    at SafeSubscriber.__tryOrUnsub (/Users/elliottbirch/Desktop/okcupidjs/node_modules/rxjs/Subscriber.js:238:16)
    at SafeSubscriber.next (/Users/elliottbirch/Desktop/okcupidjs/node_modules/rxjs/Subscriber.js:185:22)
    at Subscriber._next (/Users/elliottbirch/Desktop/okcupidjs/node_modules/rxjs/Subscriber.js:125:26)
    at Subscriber.next (/Users/elliottbirch/Desktop/okcupidjs/node_modules/rxjs/Subscriber.js:89:18)
    at /Users/elliottbirch/Desktop/okcupidjs/node_modules/rxjs/observable/PromiseObservable.js:66:36
[2017-11-03 02:46:39.631] [ERROR] cheese - ReferenceError: locationName is not defined
    at MergeMapSubscriber.rx.Observable.from.mergeMap [as project] (/Users/elliottbirch/Desktop/okcupidjs/lib/client.js:259:36)
    at MergeMapSubscriber._tryNext (/Users/elliottbirch/Desktop/okcupidjs/node_modules/rxjs/operators/mergeMap.js:122:27)
    at MergeMapSubscriber._next (/Users/elliottbirch/Desktop/okcupidjs/node_modules/rxjs/operators/mergeMap.js:112:18)
    at MergeMapSubscriber.Subscriber.next (/Users/elliottbirch/Desktop/okcupidjs/node_modules/rxjs/Subscriber.js:89:18)
    at ArrayObservable._subscribe (/Users/elliottbirch/Desktop/okcupidjs/node_modules/rxjs/observable/ArrayObservable.js:114:28)
    at ArrayObservable.Observable._trySubscribe (/Users/elliottbirch/Desktop/okcupidjs/node_modules/rxjs/Observable.js:172:25)
    at ArrayObservable.Observable.subscribe (/Users/elliottbirch/Desktop/okcupidjs/node_modules/rxjs/Observable.js:160:65)
    at MergeMapOperator.call (/Users/elliottbirch/Desktop/okcupidjs/node_modules/rxjs/operators/mergeMap.js:87:23)
    at Observable.subscribe (/Users/elliottbirch/Desktop/okcupidjs/node_modules/rxjs/Observable.js:157:22)
    at OKCupid.paginatedSearch (/Users/elliottbirch/Desktop/okcupidjs/lib/client.js:319:8)
    at SafeSubscriber.loginStream.subscribe [as _next] (/Users/elliottbirch/Desktop/okcupidjs/index.js:32:7)
    at SafeSubscriber.__tryOrUnsub (/Users/elliottbirch/Desktop/okcupidjs/node_modules/rxjs/Subscriber.js:238:16)
    at SafeSubscriber.next (/Users/elliottbirch/Desktop/okcupidjs/node_modules/rxjs/Subscriber.js:185:22)
    at Subscriber._next (/Users/elliottbirch/Desktop/okcupidjs/node_modules/rxjs/Subscriber.js:125:26)
    at Subscriber.next (/Users/elliottbirch/Desktop/okcupidjs/node_modules/rxjs/Subscriber.js:89:18)
    at /Users/elliottbirch/Desktop/okcupidjs/node_modules/rxjs/observable/PromiseObservable.js:66:36
[2017-11-03 02:47:20.047] [ERROR] cheese - -----------starting--------------

